#
# A fatal error has been detected by the Java Runtime Environment:
#
#  SIGSEGV (0xb) at pc=0x00007ffb8153ae84, pid=29821, tid=140717851657984
#
# JRE version: 6.0_27-b27
# Java VM: OpenJDK 64-Bit Server VM (20.0-b12 mixed mode linux-amd64 compressed oops)
# Derivative: IcedTea6 1.12.6
# Distribution: Ubuntu 12.04 LTS, package 6b27-1.12.6-1ubuntu0.12.04.2
# Problematic frame:
# C  [libpthread.so.0+0x9e84]  pthread_mutex_lock+0x4
#
# If you would like to submit a bug report, please include
# instructions how to reproduce the bug and visit:
#   https://bugs.launchpad.net/ubuntu/+source/openjdk-6/
# The crash happened outside the Java Virtual Machine in native code.
# See problematic frame for where to report the bug.
#

---------------  T H R E A D  ---------------

Current thread (0x00007ffb18100800):  JavaThread "AWT-EventQueue-0" [_thread_in_native, id=30112, stack(0x00007ffb6d7fc000,0x00007ffb6d8fd000)]

siginfo:si_signo=SIGSEGV: si_errno=0, si_code=1 (SEGV_MAPERR), si_addr=0x0000000000000010

Registers:
RAX=0x00007ffb743b6c10, RBX=0x00007ffb781fb570, RCX=0x00007ffb6d8fa80c, RDX=0x00007ffb6d8fa800
RSP=0x00007ffb6d8fa790, RBP=0x00007ffb6d8fa80c, RSI=0x00007ffb6d8fa7f0, RDI=0x0000000000000000
R8 =0x00007ffb6d8fa7e0, R9 =0x00007ffb781cbb60, R10=0x000000000000015c, R11=0x0000000000000065
R12=0x00007ffb6d8fa7e0, R13=0x00007ffb100014b0, R14=0x00007ffb100014b0, R15=0x00007ffb100015f0
RIP=0x00007ffb8153ae84, EFLAGS=0x0000000000010206, CSGSFS=0x0000000000000033, ERR=0x0000000000000004
  TRAPNO=0x000000000000000e

Top of Stack: (sp=0x00007ffb6d8fa790)
0x00007ffb6d8fa790:   00007ffb748d1000 00007ffb743d0e87
0x00007ffb6d8fa7a0:   00007ffb6d8fa800 00007ffb6d8fa7f0
0x00007ffb6d8fa7b0:   00007ffb100014b0 00007ffb100015f0
0x00007ffb6d8fa7c0:   00007ffb7816ab30 00007ffb100014b0
0x00007ffb6d8fa7d0:   00007ffb100015f0 00007ffb743ad3b0
0x00007ffb6d8fa7e0:   00007ffb6d8fa910 00007ffb81763235
0x00007ffb6d8fa7f0:   0000015d0000015c 0000000000000000
0x00007ffb6d8fa800:   0000015600000155 00007ffb00000000
0x00007ffb6d8fa810:   00007ffb7816ab30 00007ffb181009d0
0x00007ffb6d8fa820:   00007ffb6d8fa880 00007ffb6d8fa918
0x00007ffb6d8fa830:   00007ffb6d8fa910 00007ffb748e1993
0x00007ffb6d8fa840:   00007ffb6d8fa900 00007ffb7816ab30
0x00007ffb6d8fa850:   00000000b8e8f758 00000000b8e8f758
0x00007ffb6d8fa860:   0000000000000000 00000000b8e8f758
0x00007ffb6d8fa870:   00007ffb6d8fa928 00007ffb18100800
0x00007ffb6d8fa880:   00007ffb6d8fa8f0 00007ffb75016b4f
0x00007ffb6d8fa890:   00000000fffffffe 00007ffb6d8fa8d8
0x00007ffb6d8fa8a0:   00000000b8a475c0 0000000000000000
0x00007ffb6d8fa8b0:   00007ffb6d8fa8b0 00000000b8e8f758
0x00007ffb6d8fa8c0:   00007ffb6d8fa928 00000000b8e93750
0x00007ffb6d8fa8d0:   0000000000000000 00000000b8e8f758
0x00007ffb6d8fa8e0:   0000000000000000 00007ffb6d8fa910
0x00007ffb6d8fa8f0:   00007ffb6d8fa970 00007ffb75005a33
0x00007ffb6d8fa900:   00000000b8e93658 00007ffb7501229b
0x00007ffb6d8fa910:   00000000b93fb1d8 00000000b8b4eee8
0x00007ffb6d8fa920:   00007ffb7816ab30 00007ffb750059a9
0x00007ffb6d8fa930:   00007ffb6d8fa930 00000000b8bcaf94
0x00007ffb6d8fa940:   00007ffb6d8fa990 00000000b8bea300
0x00007ffb6d8fa950:   0000000000000000 00000000b8bcb048
0x00007ffb6d8fa960:   00007ffb6d8fa910 00007ffb6d8fa998
0x00007ffb6d8fa970:   00007ffb6d8fa9d8 00007ffb750058da
0x00007ffb6d8fa980:   0000000000000000 0000000000000000 

Instructions: (pc=0x00007ffb8153ae84)
0x00007ffb8153ae64:   0f 1f 40 00 c7 47 10 ff ff ff ff 31 c0 c3 90 90
0x00007ffb8153ae74:   90 90 90 90 90 90 90 90 90 90 90 90 48 83 ec 08
0x00007ffb8153ae84:   8b 77 10 49 89 f8 89 f7 83 e7 7f 40 f6 c7 7c 75
0x00007ffb8153ae94:   3d 64 44 8b 0c 25 d0 02 00 00 85 ff 75 59 81 e6 

Register to memory mapping:

RAX=0x00007ffb743b6c10: <offset 0x2bc10> in /usr/lib/x86_64-linux-gnu/libX11.so.6 at 0x00007ffb7438b000
RBX=0x00007ffb781fb570 is an unknown value
RCX=0x00007ffb6d8fa80c is pointing into the stack for thread: 0x00007ffb18100800
RDX=0x00007ffb6d8fa800 is pointing into the stack for thread: 0x00007ffb18100800
RSP=0x00007ffb6d8fa790 is pointing into the stack for thread: 0x00007ffb18100800
RBP=0x00007ffb6d8fa80c is pointing into the stack for thread: 0x00007ffb18100800
RSI=0x00007ffb6d8fa7f0 is pointing into the stack for thread: 0x00007ffb18100800
RDI=0x0000000000000000 is an unknown value
R8 =0x00007ffb6d8fa7e0 is pointing into the stack for thread: 0x00007ffb18100800
R9 =0x00007ffb781cbb60 is an unknown value
R10=0x000000000000015c is an unknown value
R11=0x0000000000000065 is an unknown value
R12=0x00007ffb6d8fa7e0 is pointing into the stack for thread: 0x00007ffb18100800
R13=0x00007ffb100014b0 is an unknown value
R14=0x00007ffb100014b0 is an unknown value
R15=0x00007ffb100015f0 is an unknown value


Stack: [0x00007ffb6d7fc000,0x00007ffb6d8fd000],  sp=0x00007ffb6d8fa790,  free space=1017k
Native frames: (J=compiled Java code, j=interpreted, Vv=VM code, C=native code)
C  [libpthread.so.0+0x9e84]  pthread_mutex_lock+0x4

Java frames: (J=compiled Java code, j=interpreted, Vv=VM code)
j  sun.awt.X11.XlibWrapper.XGetDefault(JLjava/lang/String;Ljava/lang/String;)Ljava/lang/String;+0
j  sun.awt.X11.XToolkit.initializeMultiClickTime()V+12
j  sun.awt.X11.XToolkit.getMultiClickTime()I+6
j  sun.awt.X11.XToolkit.initializeDesktopProperties()V+66
j  java.awt.Toolkit.getDesktopProperty(Ljava/lang/String;)Ljava/lang/Object;+32
j  jogamp.nativewindow.jawt.JAWTUtil$3.run()V+5
j  java.awt.event.InvocationEvent.dispatch()V+11
j  java.awt.EventQueue.dispatchEventImpl(Ljava/awt/AWTEvent;Ljava/lang/Object;)V+21
j  java.awt.EventQueue.access$300(Ljava/awt/EventQueue;Ljava/awt/AWTEvent;Ljava/lang/Object;)V+3
j  java.awt.EventQueue$2.run()Ljava/lang/Void;+12
j  java.awt.EventQueue$2.run()Ljava/lang/Object;+1
v  ~StubRoutines::call_stub
j  java.security.AccessController.doPrivileged(Ljava/security/PrivilegedAction;Ljava/security/AccessControlContext;)Ljava/lang/Object;+0
j  java.security.AccessControlContext$1.doIntersectionPrivilege(Ljava/security/PrivilegedAction;Ljava/security/AccessControlContext;Ljava/security/AccessControlContext;)Ljava/lang/Object;+28
j  java.awt.EventQueue.dispatchEvent(Ljava/awt/AWTEvent;)V+46
j  java.awt.EventDispatchThread.pumpOneEventForFilters(I)Z+192
j  java.awt.EventDispatchThread.pumpEventsForFilter(ILjava/awt/Conditional;Ljava/awt/EventFilter;)V+30
j  java.awt.EventDispatchThread.pumpEventsForHierarchy(ILjava/awt/Conditional;Ljava/awt/Component;)V+11
j  java.awt.EventDispatchThread.pumpEvents(ILjava/awt/Conditional;)V+4
j  java.awt.EventDispatchThread.pumpEvents(Ljava/awt/Conditional;)V+3
j  java.awt.EventDispatchThread.run()V+9
v  ~StubRoutines::call_stub

---------------  P R O C E S S  ---------------

Java Threads: ( => current thread )
=>0x00007ffb18100800 JavaThread "AWT-EventQueue-0" [_thread_in_native, id=30112, stack(0x00007ffb6d7fc000,0x00007ffb6d8fd000)]
  0x00007ffb180ff000 JavaThread "AWT-Shutdown" [_thread_blocked, id=30111, stack(0x00007ffb6d8fd000,0x00007ffb6d9fe000)]
  0x00007ffb18053000 JavaThread "GLProfile-GL_Bootstrapping" [_thread_in_vm, id=30104, stack(0x00007ffb6eaca000,0x00007ffb6ebcb000)]
  0x00007ffb2007a000 JavaThread "main" [_thread_blocked, id=30033, stack(0x00007ffb6e875000,0x00007ffb6e976000)]
  0x00007ffb7800b000 JavaThread "DestroyJavaVM" [_thread_blocked, id=29822, stack(0x00007ffb81856000,0x00007ffb81957000)]
  0x00007ffb78208800 JavaThread "BlueJ worker thread" [_thread_blocked, id=30018, stack(0x00007ffb6e9c9000,0x00007ffb6eaca000)]
  0x00007ffb78201800 JavaThread "AWT-XAWT" daemon [_thread_in_native, id=30009, stack(0x00007ffb6ebcb000,0x00007ffb6eccc000)]
  0x00007ffb78184000 JavaThread "Java2D Disposer" daemon [_thread_blocked, id=30004, stack(0x00007ffb74080000,0x00007ffb74181000)]
  0x00007ffb780b2000 JavaThread "Low Memory Detector" daemon [_thread_blocked, id=29843, stack(0x00007ffb74eff000,0x00007ffb75000000)]
  0x00007ffb780af800 JavaThread "C2 CompilerThread1" daemon [_thread_blocked, id=29841, stack(0x00007ffb7c07d000,0x00007ffb7c17e000)]
  0x00007ffb780ac800 JavaThread "C2 CompilerThread0" daemon [_thread_blocked, id=29840, stack(0x00007ffb7c17e000,0x00007ffb7c27f000)]
  0x00007ffb4c001000 JavaThread "JDWP Command Reader" daemon [_thread_in_native, id=29835, stack(0x00007ffb7c27f000,0x00007ffb7c380000)]
  0x00007ffb780aa800 JavaThread "JDWP Event Helper Thread" daemon [_thread_blocked, id=29833, stack(0x00007ffb7c380000,0x00007ffb7c481000)]
  0x00007ffb780a7000 JavaThread "JDWP Transport Listener: dt_socket" daemon [_thread_blocked, id=29831, stack(0x00007ffb7c481000,0x00007ffb7c582000)]
  0x00007ffb78099800 JavaThread "Signal Dispatcher" daemon [_thread_blocked, id=29830, stack(0x00007ffb7c787000,0x00007ffb7c888000)]
  0x00007ffb7807b000 JavaThread "Finalizer" daemon [_thread_blocked, id=29829, stack(0x00007ffb7c888000,0x00007ffb7c989000)]
  0x00007ffb78079000 JavaThread "Reference Handler" daemon [_thread_blocked, id=29828, stack(0x00007ffb7c989000,0x00007ffb7ca8a000)]

Other Threads:
  0x00007ffb78074800 VMThread [stack: 0x00007ffb7ca8a000,0x00007ffb7cb8b000] [id=29827]
  0x00007ffb780b4800 WatcherThread [stack: 0x00007ffb74dfe000,0x00007ffb74eff000] [id=29844]

VM state:not at safepoint (normal execution)

VM Mutex/Monitor currently owned by a thread: None

Heap
 PSYoungGen      total 18240K, used 10327K [0x00000000eba00000, 0x00000000ece50000, 0x0000000100000000)
  eden space 15680K, 65% used [0x00000000eba00000,0x00000000ec415f48,0x00000000ec950000)
  from space 2560K, 0% used [0x00000000ecbd0000,0x00000000ecbd0000,0x00000000ece50000)
  to   space 2560K, 0% used [0x00000000ec950000,0x00000000ec950000,0x00000000ecbd0000)
 PSOldGen        total 41728K, used 0K [0x00000000c2e00000, 0x00000000c56c0000, 0x00000000eba00000)
  object space 41728K, 0% used [0x00000000c2e00000,0x00000000c2e00000,0x00000000c56c0000)
 PSPermGen       total 21248K, used 12268K [0x00000000b8800000, 0x00000000b9cc0000, 0x00000000c2e00000)
  object space 21248K, 57% used [0x00000000b8800000,0x00000000b93fb288,0x00000000b9cc0000)

Code Cache  [0x00007ffb75000000, 0x00007ffb75270000, 0x00007ffb78000000)
 total_blobs=373 nmethods=17 adapters=318 free_code_cache=49793728 largest_free_block=9600

Dynamic libraries:
00400000-00409000 r-xp 00000000 08:01 927382                             /usr/lib/jvm/java-6-openjdk-amd64/jre/bin/java
00608000-00609000 r--p 00008000 08:01 927382                             /usr/lib/jvm/java-6-openjdk-amd64/jre/bin/java
00609000-0060a000 rw-p 00009000 08:01 927382                             /usr/lib/jvm/java-6-openjdk-amd64/jre/bin/java
02609000-0262a000 rw-p 00000000 00:00 0                                  [heap]
b8800000-b9cc0000 rw-p 00000000 00:00 0 
b9cc0000-c2e00000 rw-p 00000000 00:00 0 
c2e00000-c56c0000 rw-p 00000000 00:00 0 
c56c0000-eba00000 rw-p 00000000 00:00 0 
eba00000-ece50000 rw-p 00000000 00:00 0 
ece50000-100000000 rw-p 00000000 00:00 0 
7ffb10000000-7ffb10021000 rw-p 00000000 00:00 0 
7ffb10021000-7ffb14000000 ---p 00000000 00:00 0 
7ffb18000000-7ffb18107000 rw-p 00000000 00:00 0 
7ffb18107000-7ffb1c000000 ---p 00000000 00:00 0 
7ffb1c000000-7ffb1c021000 rw-p 00000000 00:00 0 
7ffb1c021000-7ffb20000000 ---p 00000000 00:00 0 
7ffb20000000-7ffb200dd000 rw-p 00000000 00:00 0 
7ffb200dd000-7ffb24000000 ---p 00000000 00:00 0 
7ffb24000000-7ffb24021000 rw-p 00000000 00:00 0 
7ffb24021000-7ffb28000000 ---p 00000000 00:00 0 
7ffb28000000-7ffb28021000 rw-p 00000000 00:00 0 
7ffb28021000-7ffb2c000000 ---p 00000000 00:00 0 
7ffb2c000000-7ffb2c021000 rw-p 00000000 00:00 0 
7ffb2c021000-7ffb30000000 ---p 00000000 00:00 0 
7ffb30000000-7ffb30021000 rw-p 00000000 00:00 0 
7ffb30021000-7ffb34000000 ---p 00000000 00:00 0 
7ffb34000000-7ffb34021000 rw-p 00000000 00:00 0 
7ffb34021000-7ffb38000000 ---p 00000000 00:00 0 
7ffb38000000-7ffb381b8000 rw-p 00000000 00:00 0 
7ffb381b8000-7ffb3c000000 ---p 00000000 00:00 0 
7ffb3c000000-7ffb3c1fa000 rw-p 00000000 00:00 0 
7ffb3c1fa000-7ffb40000000 ---p 00000000 00:00 0 
7ffb40000000-7ffb40021000 rw-p 00000000 00:00 0 
7ffb40021000-7ffb44000000 ---p 00000000 00:00 0 
7ffb44000000-7ffb44021000 rw-p 00000000 00:00 0 
7ffb44021000-7ffb48000000 ---p 00000000 00:00 0 
7ffb48000000-7ffb48021000 rw-p 00000000 00:00 0 
7ffb48021000-7ffb4c000000 ---p 00000000 00:00 0 
7ffb4c000000-7ffb4c021000 rw-p 00000000 00:00 0 
7ffb4c021000-7ffb50000000 ---p 00000000 00:00 0 
7ffb50000000-7ffb50021000 rw-p 00000000 00:00 0 
7ffb50021000-7ffb54000000 ---p 00000000 00:00 0 
7ffb54000000-7ffb54021000 rw-p 00000000 00:00 0 
7ffb54021000-7ffb58000000 ---p 00000000 00:00 0 
7ffb58000000-7ffb58021000 rw-p 00000000 00:00 0 
7ffb58021000-7ffb5c000000 ---p 00000000 00:00 0 
7ffb5c000000-7ffb5c021000 rw-p 00000000 00:00 0 
7ffb5c021000-7ffb60000000 ---p 00000000 00:00 0 
7ffb60000000-7ffb60021000 rw-p 00000000 00:00 0 
7ffb60021000-7ffb64000000 ---p 00000000 00:00 0 
7ffb68000000-7ffb68021000 rw-p 00000000 00:00 0 
7ffb68021000-7ffb6c000000 ---p 00000000 00:00 0 
7ffb6d7fc000-7ffb6d7ff000 ---p 00000000 00:00 0 
7ffb6d7ff000-7ffb6d8fd000 rw-p 00000000 00:00 0                          [stack:30112]
7ffb6d8fd000-7ffb6d900000 ---p 00000000 00:00 0 
7ffb6d900000-7ffb6d9fe000 rw-p 00000000 00:00 0                          [stack:30111]
7ffb6d9fe000-7ffb6da00000 r-xp 00000000 08:01 2241814                    /tmp/jogamp_0000/file_cache/jln487084294207203636/jln6287476586733260023/libnativewindow_awt.so
7ffb6da00000-7ffb6dbff000 ---p 00002000 08:01 2241814                    /tmp/jogamp_0000/file_cache/jln487084294207203636/jln6287476586733260023/libnativewindow_awt.so
7ffb6dbff000-7ffb6dc00000 r--p 00001000 08:01 2241814                    /tmp/jogamp_0000/file_cache/jln487084294207203636/jln6287476586733260023/libnativewindow_awt.so
7ffb6dc00000-7ffb6dc01000 rw-p 00002000 08:01 2241814                    /tmp/jogamp_0000/file_cache/jln487084294207203636/jln6287476586733260023/libnativewindow_awt.so
7ffb6dc01000-7ffb6dc02000 r-xp 00000000 08:01 927323                     /usr/lib/jvm/java-6-openjdk-amd64/jre/lib/amd64/libjawt.so
7ffb6dc02000-7ffb6de01000 ---p 00001000 08:01 927323                     /usr/lib/jvm/java-6-openjdk-amd64/jre/lib/amd64/libjawt.so
7ffb6de01000-7ffb6de02000 r--p 00000000 08:01 927323                     /usr/lib/jvm/java-6-openjdk-amd64/jre/lib/amd64/libjawt.so
7ffb6de02000-7ffb6de03000 rw-p 00001000 08:01 927323                     /usr/lib/jvm/java-6-openjdk-amd64/jre/lib/amd64/libjawt.so
7ffb6de03000-7ffb6de07000 r-xp 00000000 08:01 925053                     /usr/lib/x86_64-linux-gnu/libXxf86vm.so.1.0.0
7ffb6de07000-7ffb6e006000 ---p 00004000 08:01 925053                     /usr/lib/x86_64-linux-gnu/libXxf86vm.so.1.0.0
7ffb6e006000-7ffb6e007000 r--p 00003000 08:01 925053                     /usr/lib/x86_64-linux-gnu/libXxf86vm.so.1.0.0
7ffb6e007000-7ffb6e008000 rw-p 00004000 08:01 925053                     /usr/lib/x86_64-linux-gnu/libXxf86vm.so.1.0.0
7ffb6e01a000-7ffb6e020000 r-xp 00000000 08:01 2241815                    /tmp/jogamp_0000/file_cache/jln487084294207203636/jln6287476586733260023/libnativewindow_x11.so
7ffb6e020000-7ffb6e21f000 ---p 00006000 08:01 2241815                    /tmp/jogamp_0000/file_cache/jln487084294207203636/jln6287476586733260023/libnativewindow_x11.so
7ffb6e21f000-7ffb6e220000 r--p 00005000 08:01 2241815                    /tmp/jogamp_0000/file_cache/jln487084294207203636/jln6287476586733260023/libnativewindow_x11.so
7ffb6e220000-7ffb6e221000 rw-p 00006000 08:01 2241815                    /tmp/jogamp_0000/file_cache/jln487084294207203636/jln6287476586733260023/libnativewindow_x11.so
7ffb6e221000-7ffb6e223000 r-xp 00000000 08:01 2241811                    /tmp/jogamp_0000/file_cache/jln487084294207203636/jln6287476586733260023/libgluegen-rt.so
7ffb6e223000-7ffb6e422000 ---p 00002000 08:01 2241811                    /tmp/jogamp_0000/file_cache/jln487084294207203636/jln6287476586733260023/libgluegen-rt.so
7ffb6e422000-7ffb6e423000 r--p 00001000 08:01 2241811                    /tmp/jogamp_0000/file_cache/jln487084294207203636/jln6287476586733260023/libgluegen-rt.so
7ffb6e423000-7ffb6e424000 rw-p 00002000 08:01 2241811                    /tmp/jogamp_0000/file_cache/jln487084294207203636/jln6287476586733260023/libgluegen-rt.so
7ffb6e424000-7ffb6e42c000 r-xp 00000000 08:01 927324                     /usr/lib/jvm/java-6-openjdk-amd64/jre/lib/amd64/libnio.so
7ffb6e42c000-7ffb6e62b000 ---p 00008000 08:01 927324                     /usr/lib/jvm/java-6-openjdk-amd64/jre/lib/amd64/libnio.so
7ffb6e62b000-7ffb6e62c000 r--p 00007000 08:01 927324                     /usr/lib/jvm/java-6-openjdk-amd64/jre/lib/amd64/libnio.so
7ffb6e62c000-7ffb6e62d000 rw-p 00008000 08:01 927324                     /usr/lib/jvm/java-6-openjdk-amd64/jre/lib/amd64/libnio.so
7ffb6e62d000-7ffb6e65e000 rw-p 00000000 00:00 0 
7ffb6e65e000-7ffb6e673000 r-xp 00000000 08:01 927332                     /usr/lib/jvm/java-6-openjdk-amd64/jre/lib/amd64/libnet.so
7ffb6e673000-7ffb6e872000 ---p 00015000 08:01 927332                     /usr/lib/jvm/java-6-openjdk-amd64/jre/lib/amd64/libnet.so
7ffb6e872000-7ffb6e873000 r--p 00014000 08:01 927332                     /usr/lib/jvm/java-6-openjdk-amd64/jre/lib/amd64/libnet.so
7ffb6e873000-7ffb6e874000 rw-p 00015000 08:01 927332                     /usr/lib/jvm/java-6-openjdk-amd64/jre/lib/amd64/libnet.so
7ffb6e874000-7ffb6e875000 r--p 00000000 00:00 0 
7ffb6e875000-7ffb6e878000 ---p 00000000 00:00 0 
7ffb6e878000-7ffb6e976000 rw-p 00000000 00:00 0                          [stack:30033]
7ffb6e976000-7ffb6e977000 r--s 00023000 08:01 1578598                    /usr/share/bluej/userlib/jogl-all-natives-linux-i586.jar
7ffb6e977000-7ffb6e978000 r--s 00000000 08:01 1578586                    /usr/share/bluej/userlib/gluegen-rt-natives-macosx-universal.jar
7ffb6e978000-7ffb6e979000 r--s 00000000 08:01 1578583                    /usr/share/bluej/userlib/gluegen-rt-natives-linux-armv7hf.jar
7ffb6e979000-7ffb6e993000 r--s 00477000 08:01 1578592                    /usr/share/bluej/userlib/jogl-all.jar
7ffb6e993000-7ffb6e994000 r--s 00049000 08:01 1578599                    /usr/share/bluej/userlib/jogl-all-natives-macosx-universal.jar
7ffb6e994000-7ffb6e995000 r--s 0001a000 08:01 1578596                    /usr/share/bluej/userlib/jogl-all-natives-linux-armv7hf.jar
7ffb6e995000-7ffb6e996000 r--s 00000000 08:01 1578588                    /usr/share/bluej/userlib/gluegen-rt-natives-solaris-i586.jar
7ffb6e996000-7ffb6e997000 r--s 00024000 08:01 1578600                    /usr/share/bluej/userlib/jogl-all-natives-solaris-amd64.jar
7ffb6e997000-7ffb6e998000 r--s 00000000 08:01 1578585                    /usr/share/bluej/userlib/gluegen-rt-natives-linux-i586.jar
7ffb6e998000-7ffb6e999000 r--s 00001000 08:01 1578590                    /usr/share/bluej/userlib/gluegen-rt-natives-windows-i586.jar
7ffb6e999000-7ffb6e99a000 r--s 00023000 08:01 1578595                    /usr/share/bluej/userlib/jogl-all-natives-linux-amd64.jar
7ffb6e99a000-7ffb6e99b000 r--s 00000000 08:01 1578584                    /usr/share/bluej/userlib/gluegen-rt-natives-linux-armv7.jar
7ffb6e99b000-7ffb6e99c000 r--s 0001a000 08:01 1578597                    /usr/share/bluej/userlib/jogl-all-natives-linux-armv7.jar
7ffb6e99c000-7ffb6e99d000 r--s 00021000 08:01 1578603                    /usr/share/bluej/userlib/jogl-all-natives-windows-i586.jar
7ffb6e99d000-7ffb6e99e000 r--s 00001000 08:01 1578589                    /usr/share/bluej/userlib/gluegen-rt-natives-windows-amd64.jar
7ffb6e99e000-7ffb6e9b2000 r--s 002c7000 08:01 1578593                    /usr/share/bluej/userlib/jogl-all-mobile.jar
7ffb6e9b2000-7ffb6e9c9000 r--s 00441000 08:01 1578604                    /usr/share/bluej/userlib/jogl-all-noawt.jar
7ffb6e9c9000-7ffb6e9cc000 ---p 00000000 00:00 0 
7ffb6e9cc000-7ffb6eaca000 rw-p 00000000 00:00 0                          [stack:30018]
7ffb6eaca000-7ffb6eacd000 ---p 00000000 00:00 0 
7ffb6eacd000-7ffb6ebcb000 rw-p 00000000 00:00 0                          [stack:30104]
7ffb6ebcb000-7ffb6ebce000 ---p 00000000 00:00 0 
7ffb6ebce000-7ffb6eccc000 rw-p 00000000 00:00 0                          [stack:30009]
7ffb6eccc000-7ffb6ecd1000 r-xp 00000000 08:01 925025                     /usr/lib/x86_64-linux-gnu/libXfixes.so.3.1.0
7ffb6ecd1000-7ffb6eed0000 ---p 00005000 08:01 925025                     /usr/lib/x86_64-linux-gnu/libXfixes.so.3.1.0
7ffb6eed0000-7ffb6eed1000 r--p 00004000 08:01 925025                     /usr/lib/x86_64-linux-gnu/libXfixes.so.3.1.0
7ffb6eed1000-7ffb6eed2000 rw-p 00005000 08:01 925025                     /usr/lib/x86_64-linux-gnu/libXfixes.so.3.1.0
7ffb6eed2000-7ffb6eedb000 r-xp 00000000 08:01 925017                     /usr/lib/x86_64-linux-gnu/libXcursor.so.1.0.2
7ffb6eedb000-7ffb6f0da000 ---p 00009000 08:01 925017                     /usr/lib/x86_64-linux-gnu/libXcursor.so.1.0.2
7ffb6f0da000-7ffb6f0db000 r--p 00008000 08:01 925017                     /usr/lib/x86_64-linux-gnu/libXcursor.so.1.0.2
7ffb6f0db000-7ffb6f0dc000 rw-p 00009000 08:01 925017                     /usr/lib/x86_64-linux-gnu/libXcursor.so.1.0.2
7ffb6f0dc000-7ffb6f172000 r-xp 00000000 08:01 925213                     /usr/lib/x86_64-linux-gnu/libfreetype.so.6.8.0
7ffb6f172000-7ffb6f371000 ---p 00096000 08:01 925213                     /usr/lib/x86_64-linux-gnu/libfreetype.so.6.8.0
7ffb6f371000-7ffb6f377000 r--p 00095000 08:01 925213                     /usr/lib/x86_64-linux-gnu/libfreetype.so.6.8.0
7ffb6f377000-7ffb6f378000 rw-p 0009b000 08:01 925213                     /usr/lib/x86_64-linux-gnu/libfreetype.so.6.8.0
7ffb6f378000-7ffb6f3c1000 r-xp 00000000 08:01 927340                     /usr/lib/jvm/java-6-openjdk-amd64/jre/lib/amd64/libfontmanager.so
7ffb6f3c1000-7ffb6f5c0000 ---p 00049000 08:01 927340                     /usr/lib/jvm/java-6-openjdk-amd64/jre/lib/amd64/libfontmanager.so
7ffb6f5c0000-7ffb6f5c2000 r--p 00048000 08:01 927340                     /usr/lib/jvm/java-6-openjdk-amd64/jre/lib/amd64/libfontmanager.so
7ffb6f5c2000-7ffb6f5c3000 rw-p 0004a000 08:01 927340                     /usr/lib/jvm/java-6-openjdk-amd64/jre/lib/amd64/libfontmanager.so
7ffb6f5c3000-7ffb6f5c4000 rw-p 00000000 00:00 0 
7ffb6f5c4000-7ffb6f5c9000 r-xp 00000000 08:01 925021                     /usr/lib/x86_64-linux-gnu/libXdmcp.so.6.0.0
7ffb6f5c9000-7ffb6f7c8000 ---p 00005000 08:01 925021                     /usr/lib/x86_64-linux-gnu/libXdmcp.so.6.0.0
7ffb6f7c8000-7ffb6f7c9000 r--p 00004000 08:01 925021                     /usr/lib/x86_64-linux-gnu/libXdmcp.so.6.0.0
7ffb6f7c9000-7ffb6f7ca000 rw-p 00005000 08:01 925021                     /usr/lib/x86_64-linux-gnu/libXdmcp.so.6.0.0
7ffb6f7ca000-7ffb6f7cc000 r-xp 00000000 08:01 925010                     /usr/lib/x86_64-linux-gnu/libXau.so.6.0.0
7ffb6f7cc000-7ffb6f9cb000 ---p 00002000 08:01 925010                     /usr/lib/x86_64-linux-gnu/libXau.so.6.0.0
7ffb6f9cb000-7ffb6f9cc000 r--p 00001000 08:01 925010                     /usr/lib/x86_64-linux-gnu/libXau.so.6.0.0
7ffb6f9cc000-7ffb6f9cd000 rw-p 00002000 08:01 925010                     /usr/lib/x86_64-linux-gnu/libXau.so.6.0.0
7ffb6f9cd000-7ffb6f9ea000 r-xp 00000000 08:01 925617                     /usr/lib/x86_64-linux-gnu/libxcb.so.1.1.0
7ffb6f9ea000-7ffb6fbe9000 ---p 0001d000 08:01 925617                     /usr/lib/x86_64-linux-gnu/libxcb.so.1.1.0
7ffb6fbe9000-7ffb6fbea000 r--p 0001c000 08:01 925617                     /usr/lib/x86_64-linux-gnu/libxcb.so.1.1.0
7ffb6fbea000-7ffb6fbeb000 rw-p 0001d000 08:01 925617                     /usr/lib/x86_64-linux-gnu/libxcb.so.1.1.0
7ffb6fbeb000-7ffb6fbf9000 r-xp 00000000 08:01 925029                     /usr/lib/x86_64-linux-gnu/libXi.so.6.1.0
7ffb6fbf9000-7ffb6fdf8000 ---p 0000e000 08:01 925029                     /usr/lib/x86_64-linux-gnu/libXi.so.6.1.0
7ffb6fdf8000-7ffb6fdf9000 r--p 0000d000 08:01 925029                     /usr/lib/x86_64-linux-gnu/libXi.so.6.1.0
7ffb6fdf9000-7ffb6fdfa000 rw-p 0000e000 08:01 925029                     /usr/lib/x86_64-linux-gnu/libXi.so.6.1.0
7ffb6fdfa000-7ffb6fdff000 r-xp 00000000 08:01 925049                     /usr/lib/x86_64-linux-gnu/libXtst.so.6.1.0
7ffb6fdff000-7ffb6fffe000 ---p 00005000 08:01 925049                     /usr/lib/x86_64-linux-gnu/libXtst.so.6.1.0
7ffb6fffe000-7ffb6ffff000 r--p 00004000 08:01 925049                     /usr/lib/x86_64-linux-gnu/libXtst.so.6.1.0
7ffb6ffff000-7ffb70000000 rw-p 00005000 08:01 925049                     /usr/lib/x86_64-linux-gnu/libXtst.so.6.1.0
7ffb70000000-7ffb70021000 rw-p 00000000 00:00 0 
7ffb70021000-7ffb74000000 ---p 00000000 00:00 0 
7ffb74000000-7ffb74008000 r--s 00089000 08:01 1578579                    /usr/share/bluej/userlib/gluegen.jar
7ffb74008000-7ffb74009000 r--s 00008000 08:01 1578594                    /usr/share/bluej/userlib/jogl-all-natives-android-armv7.jar
7ffb74009000-7ffb7400b000 r--s 00000000 08:01 1578587                    /usr/share/bluej/userlib/gluegen-rt-natives-solaris-amd64.jar
7ffb7400b000-7ffb7400c000 r--s 0001b000 08:01 1578602                    /usr/share/bluej/userlib/jogl-all-natives-windows-amd64.jar
7ffb7400c000-7ffb7400d000 r--s 0001b000 08:01 1578601                    /usr/share/bluej/userlib/jogl-all-natives-solaris-i586.jar
7ffb7400d000-7ffb74010000 r--s 0002e000 08:01 1578591                    /usr/share/bluej/userlib/GOOP.jar
7ffb74010000-7ffb74015000 r--s 0002c000 08:01 1578581                    /usr/share/bluej/userlib/gluegen-rt.jar
7ffb74015000-7ffb74016000 r--s 00000000 08:01 1578582                    /usr/share/bluej/userlib/gluegen-rt-natives-linux-amd64.jar
7ffb74016000-7ffb7401c000 r--s 00034000 08:01 930880                     /usr/share/bluej/junit-4.8.2.jar
7ffb7401c000-7ffb74023000 r--s 000fc000 08:01 927280                     /usr/lib/jvm/java-6-openjdk-common/jre/lib/resources.jar
7ffb74023000-7ffb74024000 r--s 00000000 08:01 1577310                    /var/cache/fontconfig/c05880de57d1f5e948fdfacc138775d9-le64.cache-3
7ffb74024000-7ffb7402d000 r--s 00000000 08:01 1577305                    /var/cache/fontconfig/945677eb7aeaf62f1d50efc3fb3ec7d8-le64.cache-3
7ffb7402d000-7ffb7402f000 r--s 00000000 08:01 1577306                    /var/cache/fontconfig/99e8ed0e538f840c565b6ed5dad60d56-le64.cache-3
7ffb7402f000-7ffb74033000 r--s 00000000 08:01 1577292                    /var/cache/fontconfig/2cd17615ca594fa2959ae173292e504c-le64.cache-3
7ffb74033000-7ffb74034000 r--s 00000000 08:01 1577317                    /var/cache/fontconfig/e7071f4a29fa870f4323321c154eba04-le64.cache-3
7ffb74034000-7ffb74035000 r--s 00000000 08:01 1577290                    /var/cache/fontconfig/0d8c3b2ac0904cb8a57a757ad11a4a08-le64.cache-3
7ffb74035000-7ffb7403b000 r--s 00000000 08:01 1577307                    /var/cache/fontconfig/a755afe4a08bf5b97852ceb7400b47bc-le64.cache-3
7ffb7403b000-7ffb74044000 r--s 00000000 08:01 1577812                    /var/cache/fontconfig/6d41288fd70b0be22e8c3a91e032eec0-le64.cache-3
7ffb74044000-7ffb74054000 r--s 00000000 08:01 1577289                    /var/cache/fontconfig/04aabc0a78ac019cf9454389977116d2-le64.cache-3
7ffb74054000-7ffb74057000 r--s 00000000 08:01 1577295                    /var/cache/fontconfig/385c0604a188198f04d133e54aba7fe7-le64.cache-3
7ffb74057000-7ffb74058000 r--s 00000000 08:01 1577296                    /var/cache/fontconfig/4794a0821666d79190d59a36cb4f44b5-le64.cache-3
7ffb74058000-7ffb7405b000 r--s 00000000 08:01 1577304                    /var/cache/fontconfig/8801497958630a81b71ace7c5f9b32a8-le64.cache-3
7ffb7405b000-7ffb74060000 r--s 00000000 08:01 1577293                    /var/cache/fontconfig/3047814df9a2f067bd2d96a2b9c36e5a-le64.cache-3
7ffb74060000-7ffb74061000 r--s 00000000 08:01 1577298                    /var/cache/fontconfig/56cf4f4769d0f4abc89a4895d7bd3ae1-le64.cache-3
7ffb74061000-7ffb74062000 r--s 00000000 08:01 1577309                    /var/cache/fontconfig/b9d506c9ac06c20b433354fa67a72993-le64.cache-3
7ffb74062000-7ffb74067000 r--s 00000000 08:01 1577308                    /var/cache/fontconfig/b47c4e1ecd0709278f4910c18777a504-le64.cache-3
7ffb74067000-7ffb74077000 r--s 00000000 08:01 1577313                    /var/cache/fontconfig/d52a8644073d54c13679302ca1180695-le64.cache-3
7ffb74077000-7ffb74080000 r--s 00000000 08:01 1577305                    /var/cache/fontconfig/945677eb7aeaf62f1d50efc3fb3ec7d8-le64.cache-3
7ffb74080000-7ffb74083000 ---p 00000000 00:00 0 
7ffb74083000-7ffb74181000 rw-p 00000000 00:00 0                          [stack:30004]
7ffb74181000-7ffb7418a000 r-xp 00000000 08:01 925045                     /usr/lib/x86_64-linux-gnu/libXrender.so.1.3.0
7ffb7418a000-7ffb74389000 ---p 00009000 08:01 925045                     /usr/lib/x86_64-linux-gnu/libXrender.so.1.3.0
7ffb74389000-7ffb7438a000 r--p 00008000 08:01 925045                     /usr/lib/x86_64-linux-gnu/libXrender.so.1.3.0
7ffb7438a000-7ffb7438b000 rw-p 00009000 08:01 925045                     /usr/lib/x86_64-linux-gnu/libXrender.so.1.3.0
7ffb7438b000-7ffb744bb000 r-xp 00000000 08:01 921175                     /usr/lib/x86_64-linux-gnu/libX11.so.6.3.0
7ffb744bb000-7ffb746bb000 ---p 00130000 08:01 921175                     /usr/lib/x86_64-linux-gnu/libX11.so.6.3.0
7ffb746bb000-7ffb746bc000 r--p 00130000 08:01 921175                     /usr/lib/x86_64-linux-gnu/libX11.so.6.3.0
7ffb746bc000-7ffb746c0000 rw-p 00131000 08:01 921175                     /usr/lib/x86_64-linux-gnu/libX11.so.6.3.0
7ffb746c0000-7ffb746d0000 r-xp 00000000 08:01 925023                     /usr/lib/x86_64-linux-gnu/libXext.so.6.4.0
7ffb746d0000-7ffb748cf000 ---p 00010000 08:01 925023                     /usr/lib/x86_64-linux-gnu/libXext.so.6.4.0
7ffb748cf000-7ffb748d0000 r--p 0000f000 08:01 925023                     /usr/lib/x86_64-linux-gnu/libXext.so.6.4.0
7ffb748d0000-7ffb748d1000 rw-p 00010000 08:01 925023                     /usr/lib/x86_64-linux-gnu/libXext.so.6.4.0
7ffb748d1000-7ffb7491c000 r-xp 00000000 08:01 927637                     /usr/lib/jvm/java-6-openjdk-amd64/jre/lib/amd64/xawt/libmawt.so
7ffb7491c000-7ffb74b1c000 ---p 0004b000 08:01 927637                     /usr/lib/jvm/java-6-openjdk-amd64/jre/lib/amd64/xawt/libmawt.so
7ffb74b1c000-7ffb74b1d000 r--p 0004b000 08:01 927637                     /usr/lib/jvm/java-6-openjdk-amd64/jre/lib/amd64/xawt/libmawt.so
7ffb74b1d000-7ffb74b20000 rw-p 0004c000 08:01 927637                     /usr/lib/jvm/java-6-openjdk-amd64/jre/lib/amd64/xawt/libmawt.so
7ffb74b20000-7ffb74b21000 rw-p 00000000 00:00 0 
7ffb74b21000-7ffb74bce000 r-xp 00000000 08:01 927325                     /usr/lib/jvm/java-6-openjdk-amd64/jre/lib/amd64/libawt.so
7ffb74bce000-7ffb74dcd000 ---p 000ad000 08:01 927325                     /usr/lib/jvm/java-6-openjdk-amd64/jre/lib/amd64/libawt.so
7ffb74dcd000-7ffb74dce000 r--p 000ac000 08:01 927325                     /usr/lib/jvm/java-6-openjdk-amd64/jre/lib/amd64/libawt.so
7ffb74dce000-7ffb74dd9000 rw-p 000ad000 08:01 927325                     /usr/lib/jvm/java-6-openjdk-amd64/jre/lib/amd64/libawt.so
7ffb74dd9000-7ffb74dfe000 rw-p 00000000 00:00 0 
7ffb74dfe000-7ffb74dff000 ---p 00000000 00:00 0 
7ffb74dff000-7ffb74eff000 rw-p 00000000 00:00 0                          [stack:29844]
7ffb74eff000-7ffb74f02000 ---p 00000000 00:00 0 
7ffb74f02000-7ffb75000000 rw-p 00000000 00:00 0                          [stack:29843]
7ffb75000000-7ffb75270000 rwxp 00000000 00:00 0 
7ffb75270000-7ffb7820a000 rw-p 00000000 00:00 0 
7ffb7820a000-7ffb7c000000 ---p 00000000 00:00 0 
7ffb7c000000-7ffb7c003000 r--s 00000000 08:01 1577698                    /var/cache/fontconfig/e13b20fdb08344e0e664864cc2ede53d-le64.cache-3
7ffb7c003000-7ffb7c007000 r--s 00000000 08:01 1577312                    /var/cache/fontconfig/7ef2298fde41cc6eeb7af42e48b7d293-le64.cache-3
7ffb7c007000-7ffb7c008000 r--s 00000000 08:01 1577310                    /var/cache/fontconfig/c05880de57d1f5e948fdfacc138775d9-le64.cache-3
7ffb7c008000-7ffb7c00a000 r--s 00000000 08:01 1577306                    /var/cache/fontconfig/99e8ed0e538f840c565b6ed5dad60d56-le64.cache-3
7ffb7c00a000-7ffb7c00e000 r--s 00000000 08:01 1577292                    /var/cache/fontconfig/2cd17615ca594fa2959ae173292e504c-le64.cache-3
7ffb7c00e000-7ffb7c00f000 r--s 00000000 08:01 1577317                    /var/cache/fontconfig/e7071f4a29fa870f4323321c154eba04-le64.cache-3
7ffb7c00f000-7ffb7c010000 r--s 00000000 08:01 1577290                    /var/cache/fontconfig/0d8c3b2ac0904cb8a57a757ad11a4a08-le64.cache-3
7ffb7c010000-7ffb7c016000 r--s 00000000 08:01 1577307                    /var/cache/fontconfig/a755afe4a08bf5b97852ceb7400b47bc-le64.cache-3
7ffb7c016000-7ffb7c01f000 r--s 00000000 08:01 1577812                    /var/cache/fontconfig/6d41288fd70b0be22e8c3a91e032eec0-le64.cache-3
7ffb7c01f000-7ffb7c02f000 r--s 00000000 08:01 1577289                    /var/cache/fontconfig/04aabc0a78ac019cf9454389977116d2-le64.cache-3
7ffb7c02f000-7ffb7c032000 r--s 00000000 08:01 1577295                    /var/cache/fontconfig/385c0604a188198f04d133e54aba7fe7-le64.cache-3
7ffb7c032000-7ffb7c033000 r--s 00000000 08:01 1577296                    /var/cache/fontconfig/4794a0821666d79190d59a36cb4f44b5-le64.cache-3
7ffb7c033000-7ffb7c036000 r--s 00000000 08:01 1577304                    /var/cache/fontconfig/8801497958630a81b71ace7c5f9b32a8-le64.cache-3
7ffb7c036000-7ffb7c03b000 r--s 00000000 08:01 1577293                    /var/cache/fontconfig/3047814df9a2f067bd2d96a2b9c36e5a-le64.cache-3
7ffb7c03b000-7ffb7c03c000 r--s 00000000 08:01 1577298                    /var/cache/fontconfig/56cf4f4769d0f4abc89a4895d7bd3ae1-le64.cache-3
7ffb7c03c000-7ffb7c041000 r--s 00000000 08:01 1577308                    /var/cache/fontconfig/b47c4e1ecd0709278f4910c18777a504-le64.cache-3
7ffb7c041000-7ffb7c051000 r--s 00000000 08:01 1577313                    /var/cache/fontconfig/d52a8644073d54c13679302ca1180695-le64.cache-3
7ffb7c051000-7ffb7c054000 r--s 00000000 08:01 1577698                    /var/cache/fontconfig/e13b20fdb08344e0e664864cc2ede53d-le64.cache-3
7ffb7c054000-7ffb7c058000 r--s 00000000 08:01 1577312                    /var/cache/fontconfig/7ef2298fde41cc6eeb7af42e48b7d293-le64.cache-3
7ffb7c058000-7ffb7c07d000 r--p 00000000 08:01 1321658                    /usr/share/locale-langpack/de/LC_MESSAGES/libc.mo
7ffb7c07d000-7ffb7c080000 ---p 00000000 00:00 0 
7ffb7c080000-7ffb7c17e000 rw-p 00000000 00:00 0                          [stack:29841]
7ffb7c17e000-7ffb7c181000 ---p 00000000 00:00 0 
7ffb7c181000-7ffb7c27f000 rw-p 00000000 00:00 0                          [stack:29840]
7ffb7c27f000-7ffb7c282000 ---p 00000000 00:00 0 
7ffb7c282000-7ffb7c380000 rw-p 00000000 00:00 0                          [stack:29835]
7ffb7c380000-7ffb7c383000 ---p 00000000 00:00 0 
7ffb7c383000-7ffb7c481000 rw-p 00000000 00:00 0                          [stack:29833]
7ffb7c481000-7ffb7c484000 ---p 00000000 00:00 0 
7ffb7c484000-7ffb7c582000 rw-p 00000000 00:00 0                          [stack:29831]
7ffb7c582000-7ffb7c586000 r-xp 00000000 08:01 927354                     /usr/lib/jvm/java-6-openjdk-amd64/jre/lib/amd64/libdt_socket.so
7ffb7c586000-7ffb7c785000 ---p 00004000 08:01 927354                     /usr/lib/jvm/java-6-openjdk-amd64/jre/lib/amd64/libdt_socket.so
7ffb7c785000-7ffb7c786000 r--p 00003000 08:01 927354                     /usr/lib/jvm/java-6-openjdk-amd64/jre/lib/amd64/libdt_socket.so
7ffb7c786000-7ffb7c787000 rw-p 00004000 08:01 927354                     /usr/lib/jvm/java-6-openjdk-amd64/jre/lib/amd64/libdt_socket.so
7ffb7c787000-7ffb7c78a000 ---p 00000000 00:00 0 
7ffb7c78a000-7ffb7c888000 rw-p 00000000 00:00 0                          [stack:29830]
7ffb7c888000-7ffb7c88b000 ---p 00000000 00:00 0 
7ffb7c88b000-7ffb7c989000 rw-p 00000000 00:00 0                          [stack:29829]
7ffb7c989000-7ffb7c98c000 ---p 00000000 00:00 0 
7ffb7c98c000-7ffb7ca8a000 rw-p 00000000 00:00 0                          [stack:29828]
7ffb7ca8a000-7ffb7ca8b000 ---p 00000000 00:00 0 
7ffb7ca8b000-7ffb7d0c3000 rw-p 00000000 00:00 0                          [stack:29827]
7ffb7d0c3000-7ffb7d257000 r--s 03807000 08:01 927308                     /usr/lib/jvm/java-6-openjdk-amd64/jre/lib/rt.jar
7ffb7d257000-7ffb7d27f000 rw-p 00000000 00:00 0 
7ffb7d27f000-7ffb7d280000 ---p 00000000 00:00 0 
7ffb7d280000-7ffb7d380000 rw-p 00000000 00:00 0                          [stack:29826]
7ffb7d380000-7ffb7d381000 ---p 00000000 00:00 0 
7ffb7d381000-7ffb7d481000 rw-p 00000000 00:00 0                          [stack:29825]
7ffb7d481000-7ffb7d482000 ---p 00000000 00:00 0 
7ffb7d482000-7ffb7d582000 rw-p 00000000 00:00 0                          [stack:29824]
7ffb7d582000-7ffb7d583000 ---p 00000000 00:00 0 
7ffb7d583000-7ffb7d68e000 rw-p 00000000 00:00 0                          [stack:29823]
7ffb7d68e000-7ffb7d6d6000 rw-p 00000000 00:00 0 
7ffb7d6d6000-7ffb7d6eb000 rw-p 00000000 00:00 0 
7ffb7d6eb000-7ffb7d81c000 rw-p 00000000 00:00 0 
7ffb7d81c000-7ffb7d827000 rw-p 00000000 00:00 0 
7ffb7d827000-7ffb7d86f000 rw-p 00000000 00:00 0 
7ffb7d86f000-7ffb7d884000 rw-p 00000000 00:00 0 
7ffb7d884000-7ffb7d9b5000 rw-p 00000000 00:00 0 
7ffb7d9b5000-7ffb7d9c0000 rw-p 00000000 00:00 0 
7ffb7d9c0000-7ffb7da58000 rw-p 00000000 00:00 0 
7ffb7da58000-7ffb7da59000 rw-p 00000000 00:00 0 
7ffb7da59000-7ffb7da60000 r-xp 00000000 08:01 927322                     /usr/lib/jvm/java-6-openjdk-amd64/jre/lib/amd64/libzip.so
7ffb7da60000-7ffb7dc5f000 ---p 00007000 08:01 927322                     /usr/lib/jvm/java-6-openjdk-amd64/jre/lib/amd64/libzip.so
7ffb7dc5f000-7ffb7dc60000 r--p 00006000 08:01 927322                     /usr/lib/jvm/java-6-openjdk-amd64/jre/lib/amd64/libzip.so
7ffb7dc60000-7ffb7dc61000 rw-p 00007000 08:01 927322                     /usr/lib/jvm/java-6-openjdk-amd64/jre/lib/amd64/libzip.so
7ffb7dc61000-7ffb7dc6d000 r-xp 00000000 08:01 3938836                    /lib/x86_64-linux-gnu/libnss_files-2.15.so
7ffb7dc6d000-7ffb7de6c000 ---p 0000c000 08:01 3938836                    /lib/x86_64-linux-gnu/libnss_files-2.15.so
7ffb7de6c000-7ffb7de6d000 r--p 0000b000 08:01 3938836                    /lib/x86_64-linux-gnu/libnss_files-2.15.so
7ffb7de6d000-7ffb7de6e000 rw-p 0000c000 08:01 3938836                    /lib/x86_64-linux-gnu/libnss_files-2.15.so
7ffb7de6e000-7ffb7de78000 r-xp 00000000 08:01 3938840                    /lib/x86_64-linux-gnu/libnss_nis-2.15.so
7ffb7de78000-7ffb7e078000 ---p 0000a000 08:01 3938840                    /lib/x86_64-linux-gnu/libnss_nis-2.15.so
7ffb7e078000-7ffb7e079000 r--p 0000a000 08:01 3938840                    /lib/x86_64-linux-gnu/libnss_nis-2.15.so
7ffb7e079000-7ffb7e07a000 rw-p 0000b000 08:01 3938840                    /lib/x86_64-linux-gnu/libnss_nis-2.15.so
7ffb7e07a000-7ffb7e091000 r-xp 00000000 08:01 3938852                    /lib/x86_64-linux-gnu/libnsl-2.15.so
7ffb7e091000-7ffb7e290000 ---p 00017000 08:01 3938852                    /lib/x86_64-linux-gnu/libnsl-2.15.so
7ffb7e290000-7ffb7e291000 r--p 00016000 08:01 3938852                    /lib/x86_64-linux-gnu/libnsl-2.15.so
7ffb7e291000-7ffb7e292000 rw-p 00017000 08:01 3938852                    /lib/x86_64-linux-gnu/libnsl-2.15.so
7ffb7e292000-7ffb7e294000 rw-p 00000000 00:00 0 
7ffb7e294000-7ffb7e29c000 r-xp 00000000 08:01 3938834                    /lib/x86_64-linux-gnu/libnss_compat-2.15.so
7ffb7e29c000-7ffb7e49b000 ---p 00008000 08:01 3938834                    /lib/x86_64-linux-gnu/libnss_compat-2.15.so
7ffb7e49b000-7ffb7e49c000 r--p 00007000 08:01 3938834                    /lib/x86_64-linux-gnu/libnss_compat-2.15.so
7ffb7e49c000-7ffb7e49d000 rw-p 00008000 08:01 3938834                    /lib/x86_64-linux-gnu/libnss_compat-2.15.so
7ffb7e49d000-7ffb7ecf4000 r--p 00000000 08:01 924297                     /usr/lib/locale/locale-archive
7ffb7ecf4000-7ffb7ecf7000 r-xp 00000000 08:01 927328                     /usr/lib/jvm/java-6-openjdk-amd64/jre/lib/amd64/libnpt.so
7ffb7ecf7000-7ffb7eef6000 ---p 00003000 08:01 927328                     /usr/lib/jvm/java-6-openjdk-amd64/jre/lib/amd64/libnpt.so
7ffb7eef6000-7ffb7eef7000 r--p 00002000 08:01 927328                     /usr/lib/jvm/java-6-openjdk-amd64/jre/lib/amd64/libnpt.so
7ffb7eef7000-7ffb7eef8000 rw-p 00003000 08:01 927328                     /usr/lib/jvm/java-6-openjdk-amd64/jre/lib/amd64/libnpt.so
7ffb7eef8000-7ffb7ef32000 r-xp 00000000 08:01 927329                     /usr/lib/jvm/java-6-openjdk-amd64/jre/lib/amd64/libjdwp.so
7ffb7ef32000-7ffb7f131000 ---p 0003a000 08:01 927329                     /usr/lib/jvm/java-6-openjdk-amd64/jre/lib/amd64/libjdwp.so
7ffb7f131000-7ffb7f132000 r--p 00039000 08:01 927329                     /usr/lib/jvm/java-6-openjdk-amd64/jre/lib/amd64/libjdwp.so
7ffb7f132000-7ffb7f133000 rw-p 0003a000 08:01 927329                     /usr/lib/jvm/java-6-openjdk-amd64/jre/lib/amd64/libjdwp.so
7ffb7f133000-7ffb7f15f000 r-xp 00000000 08:01 927321                     /usr/lib/jvm/java-6-openjdk-amd64/jre/lib/amd64/libjava.so
7ffb7f15f000-7ffb7f35e000 ---p 0002c000 08:01 927321                     /usr/lib/jvm/java-6-openjdk-amd64/jre/lib/amd64/libjava.so
7ffb7f35e000-7ffb7f35f000 r--p 0002b000 08:01 927321                     /usr/lib/jvm/java-6-openjdk-amd64/jre/lib/amd64/libjava.so
7ffb7f35f000-7ffb7f362000 rw-p 0002c000 08:01 927321                     /usr/lib/jvm/java-6-openjdk-amd64/jre/lib/amd64/libjava.so
7ffb7f362000-7ffb7f370000 r-xp 00000000 08:01 927348                     /usr/lib/jvm/java-6-openjdk-amd64/jre/lib/amd64/libverify.so
7ffb7f370000-7ffb7f56f000 ---p 0000e000 08:01 927348                     /usr/lib/jvm/java-6-openjdk-amd64/jre/lib/amd64/libverify.so
7ffb7f56f000-7ffb7f571000 r--p 0000d000 08:01 927348                     /usr/lib/jvm/java-6-openjdk-amd64/jre/lib/amd64/libverify.so
7ffb7f571000-7ffb7f572000 rw-p 0000f000 08:01 927348                     /usr/lib/jvm/java-6-openjdk-amd64/jre/lib/amd64/libverify.so
7ffb7f572000-7ffb7f579000 r-xp 00000000 08:01 3938839                    /lib/x86_64-linux-gnu/librt-2.15.so
7ffb7f579000-7ffb7f778000 ---p 00007000 08:01 3938839                    /lib/x86_64-linux-gnu/librt-2.15.so
7ffb7f778000-7ffb7f779000 r--p 00006000 08:01 3938839                    /lib/x86_64-linux-gnu/librt-2.15.so
7ffb7f779000-7ffb7f77a000 rw-p 00007000 08:01 3938839                    /lib/x86_64-linux-gnu/librt-2.15.so
7ffb7f77a000-7ffb7f78f000 r-xp 00000000 08:01 3935977                    /lib/x86_64-linux-gnu/libgcc_s.so.1
7ffb7f78f000-7ffb7f98e000 ---p 00015000 08:01 3935977                    /lib/x86_64-linux-gnu/libgcc_s.so.1
7ffb7f98e000-7ffb7f98f000 r--p 00014000 08:01 3935977                    /lib/x86_64-linux-gnu/libgcc_s.so.1
7ffb7f98f000-7ffb7f990000 rw-p 00015000 08:01 3935977                    /lib/x86_64-linux-gnu/libgcc_s.so.1
7ffb7f990000-7ffb7fa8b000 r-xp 00000000 08:01 3938843                    /lib/x86_64-linux-gnu/libm-2.15.so
7ffb7fa8b000-7ffb7fc8a000 ---p 000fb000 08:01 3938843                    /lib/x86_64-linux-gnu/libm-2.15.so
7ffb7fc8a000-7ffb7fc8b000 r--p 000fa000 08:01 3938843                    /lib/x86_64-linux-gnu/libm-2.15.so
7ffb7fc8b000-7ffb7fc8c000 rw-p 000fb000 08:01 3938843                    /lib/x86_64-linux-gnu/libm-2.15.so
7ffb7fc8c000-7ffb7fd6e000 r-xp 00000000 08:01 925553                     /usr/lib/x86_64-linux-gnu/libstdc++.so.6.0.16
7ffb7fd6e000-7ffb7ff6d000 ---p 000e2000 08:01 925553                     /usr/lib/x86_64-linux-gnu/libstdc++.so.6.0.16
7ffb7ff6d000-7ffb7ff75000 r--p 000e1000 08:01 925553                     /usr/lib/x86_64-linux-gnu/libstdc++.so.6.0.16
7ffb7ff75000-7ffb7ff77000 rw-p 000e9000 08:01 925553                     /usr/lib/x86_64-linux-gnu/libstdc++.so.6.0.16
7ffb7ff77000-7ffb7ff8c000 rw-p 00000000 00:00 0 
7ffb7ff8c000-7ffb8088c000 r-xp 00000000 08:01 927336                     /usr/lib/jvm/java-6-openjdk-amd64/jre/lib/amd64/server/libjvm.so
7ffb8088c000-7ffb80a8c000 ---p 00900000 08:01 927336                     /usr/lib/jvm/java-6-openjdk-amd64/jre/lib/amd64/server/libjvm.so
7ffb80a8c000-7ffb80b0d000 r--p 00900000 08:01 927336                     /usr/lib/jvm/java-6-openjdk-amd64/jre/lib/amd64/server/libjvm.so
7ffb80b0d000-7ffb80b28000 rw-p 00981000 08:01 927336                     /usr/lib/jvm/java-6-openjdk-amd64/jre/lib/amd64/server/libjvm.so
7ffb80b28000-7ffb80b51000 rw-p 00000000 00:00 0 
7ffb80b51000-7ffb80b67000 r-xp 00000000 08:01 3936067                    /lib/x86_64-linux-gnu/libz.so.1.2.3.4
7ffb80b67000-7ffb80d66000 ---p 00016000 08:01 3936067                    /lib/x86_64-linux-gnu/libz.so.1.2.3.4
7ffb80d66000-7ffb80d67000 r--p 00015000 08:01 3936067                    /lib/x86_64-linux-gnu/libz.so.1.2.3.4
7ffb80d67000-7ffb80d68000 rw-p 00016000 08:01 3936067                    /lib/x86_64-linux-gnu/libz.so.1.2.3.4
7ffb80d68000-7ffb80f1d000 r-xp 00000000 08:01 3938832                    /lib/x86_64-linux-gnu/libc-2.15.so
7ffb80f1d000-7ffb8111d000 ---p 001b5000 08:01 3938832                    /lib/x86_64-linux-gnu/libc-2.15.so
7ffb8111d000-7ffb81121000 r--p 001b5000 08:01 3938832                    /lib/x86_64-linux-gnu/libc-2.15.so
7ffb81121000-7ffb81123000 rw-p 001b9000 08:01 3938832                    /lib/x86_64-linux-gnu/libc-2.15.so
7ffb81123000-7ffb81128000 rw-p 00000000 00:00 0 
7ffb81128000-7ffb8112a000 r-xp 00000000 08:01 3938847                    /lib/x86_64-linux-gnu/libdl-2.15.so
7ffb8112a000-7ffb8132a000 ---p 00002000 08:01 3938847                    /lib/x86_64-linux-gnu/libdl-2.15.so
7ffb8132a000-7ffb8132b000 r--p 00002000 08:01 3938847                    /lib/x86_64-linux-gnu/libdl-2.15.so
7ffb8132b000-7ffb8132c000 rw-p 00003000 08:01 3938847                    /lib/x86_64-linux-gnu/libdl-2.15.so
7ffb8132c000-7ffb81330000 r-xp 00000000 08:01 927351                     /usr/lib/jvm/java-6-openjdk-amd64/jre/lib/amd64/jli/libjli.so
7ffb81330000-7ffb8152f000 ---p 00004000 08:01 927351                     /usr/lib/jvm/java-6-openjdk-amd64/jre/lib/amd64/jli/libjli.so
7ffb8152f000-7ffb81530000 r--p 00003000 08:01 927351                     /usr/lib/jvm/java-6-openjdk-amd64/jre/lib/amd64/jli/libjli.so
7ffb81530000-7ffb81531000 rw-p 00004000 08:01 927351                     /usr/lib/jvm/java-6-openjdk-amd64/jre/lib/amd64/jli/libjli.so
7ffb81531000-7ffb81549000 r-xp 00000000 08:01 3938841                    /lib/x86_64-linux-gnu/libpthread-2.15.so
7ffb81549000-7ffb81748000 ---p 00018000 08:01 3938841                    /lib/x86_64-linux-gnu/libpthread-2.15.so
7ffb81748000-7ffb81749000 r--p 00017000 08:01 3938841                    /lib/x86_64-linux-gnu/libpthread-2.15.so
7ffb81749000-7ffb8174a000 rw-p 00018000 08:01 3938841                    /lib/x86_64-linux-gnu/libpthread-2.15.so
7ffb8174a000-7ffb8174e000 rw-p 00000000 00:00 0 
7ffb8174e000-7ffb81770000 r-xp 00000000 08:01 3938844                    /lib/x86_64-linux-gnu/ld-2.15.so
7ffb81770000-7ffb81777000 r--s 00000000 08:01 1189708                    /usr/lib/x86_64-linux-gnu/gconv/gconv-modules.cache
7ffb81777000-7ffb8177a000 r--s 0007f000 08:01 927296                     /usr/lib/jvm/java-6-openjdk-common/jre/lib/jsse.jar
7ffb8177a000-7ffb8178e000 r--s 0014f000 08:01 931024                     /usr/share/bluej/bluejcore.jar
7ffb8178e000-7ffb81790000 r--s 0000f000 08:01 927270                     /usr/lib/jvm/java-6-openjdk-common/jre/lib/ext/pulse-java.jar
7ffb81790000-7ffb81793000 r--s 00031000 08:01 927273                     /usr/lib/jvm/java-6-openjdk-common/jre/lib/ext/sunjce_provider.jar
7ffb81793000-7ffb81796000 r--s 00077000 08:01 927271                     /usr/lib/jvm/java-6-openjdk-common/jre/lib/ext/localedata.jar
7ffb81796000-7ffb817a0000 rw-p 00000000 00:00 0 
7ffb817a0000-7ffb81856000 rw-p 00000000 00:00 0 
7ffb81856000-7ffb81859000 ---p 00000000 00:00 0 
7ffb81859000-7ffb8195c000 rw-p 00000000 00:00 0                          [stack:29822]
7ffb8195c000-7ffb8195d000 r--s 00000000 08:01 1577309                    /var/cache/fontconfig/b9d506c9ac06c20b433354fa67a72993-le64.cache-3
7ffb8195d000-7ffb81961000 r--s 00039000 08:01 927269                     /usr/lib/jvm/java-6-openjdk-common/jre/lib/ext/sunpkcs11.jar
7ffb81961000-7ffb81963000 r--s 00001000 08:01 927272                     /usr/lib/jvm/java-6-openjdk-common/jre/lib/ext/dnsns.jar
7ffb81963000-7ffb81964000 r--s 00007000 08:01 1188081                    /usr/share/java/java-atk-wrapper.jar
7ffb81964000-7ffb8196c000 rw-s 00000000 08:01 2228494                    /tmp/hsperfdata_anna/29821
7ffb8196c000-7ffb8196d000 rw-p 00000000 00:00 0 
7ffb8196d000-7ffb8196e000 r--p 00000000 00:00 0 
7ffb8196e000-7ffb81970000 rw-p 00000000 00:00 0 
7ffb81970000-7ffb81971000 r--p 00022000 08:01 3938844                    /lib/x86_64-linux-gnu/ld-2.15.so
7ffb81971000-7ffb81973000 rw-p 00023000 08:01 3938844                    /lib/x86_64-linux-gnu/ld-2.15.so
7fff888e2000-7fff88903000 rw-p 00000000 00:00 0                          [stack]
7fff889fe000-7fff88a00000 r-xp 00000000 00:00 0                          [vdso]
ffffffffff600000-ffffffffff601000 r-xp 00000000 00:00 0                  [vsyscall]

VM Arguments:
jvm_args: -ea -Djavafx.macosx.embedded=true -agentlib:jdwp=transport=dt_socket,address=127.0.0.1:49177 
java_command: bluej.runtime.ExecServer UTF-8
Launcher Type: SUN_STANDARD

Environment Variables:
PATH=/usr/lib/lightdm/lightdm:/usr/local/sbin:/usr/local/bin:/usr/sbin:/usr/bin:/sbin:/bin:/usr/games
LD_LIBRARY_PATH=/usr/lib/jvm/java-6-openjdk-amd64/jre/lib/amd64/server:/usr/lib/jvm/java-6-openjdk-amd64/jre/lib/amd64:/usr/lib/jvm/java-6-openjdk-amd64/jre/../lib/amd64
SHELL=/bin/bash
DISPLAY=:0

Signal Handlers:
SIGSEGV: [libjvm.so+0x7837a0], sa_mask[0]=0x7ffbfeff, sa_flags=0x10000004
SIGBUS: [libjvm.so+0x7837a0], sa_mask[0]=0x7ffbfeff, sa_flags=0x10000004
SIGFPE: [libjvm.so+0x647720], sa_mask[0]=0x7ffbfeff, sa_flags=0x10000004
SIGPIPE: [libjvm.so+0x647720], sa_mask[0]=0x7ffbfeff, sa_flags=0x10000004
SIGXFSZ: [libjvm.so+0x647720], sa_mask[0]=0x7ffbfeff, sa_flags=0x10000004
SIGILL: [libjvm.so+0x647720], sa_mask[0]=0x7ffbfeff, sa_flags=0x10000004
SIGUSR1: SIG_DFL, sa_mask[0]=0x00000000, sa_flags=0x00000000
SIGUSR2: [libjvm.so+0x647900], sa_mask[0]=0x00000004, sa_flags=0x10000004
SIGHUP: [libjvm.so+0x64a2d0], sa_mask[0]=0x7ffbfeff, sa_flags=0x10000004
SIGINT: [libjvm.so+0x64a2d0], sa_mask[0]=0x7ffbfeff, sa_flags=0x10000004
SIGTERM: [libjvm.so+0x64a2d0], sa_mask[0]=0x7ffbfeff, sa_flags=0x10000004
SIGQUIT: [libjvm.so+0x64a2d0], sa_mask[0]=0x7ffbfeff, sa_flags=0x10000004


---------------  S Y S T E M  ---------------

OS:Ubuntu 12.04 (precise)
uname:Linux 3.8.0-32-generic #47~precise1-Ubuntu SMP Wed Oct 2 16:19:35 UTC 2013 x86_64
libc:glibc 2.15 NPTL 2.15 
rlimit: STACK 8192k, CORE 0k, NPROC 29435, NOFILE 4096, AS infinity
load average:0,46 0,25 0,17

/proc/meminfo:
MemTotal:        4000560 kB
MemFree:         1190568 kB
Buffers:          162392 kB
Cached:          1262808 kB
SwapCached:            0 kB
Active:          1627676 kB
Inactive:         890224 kB
Active(anon):    1093704 kB
Inactive(anon):     2892 kB
Active(file):     533972 kB
Inactive(file):   887332 kB
Unevictable:          48 kB
Mlocked:              48 kB
SwapTotal:       9765884 kB
SwapFree:        9765884 kB
Dirty:              1100 kB
Writeback:             0 kB
AnonPages:       1093128 kB
Mapped:           185292 kB
Shmem:              3764 kB
Slab:             171580 kB
SReclaimable:     118476 kB
SUnreclaim:        53104 kB
KernelStack:        4312 kB
PageTables:        28388 kB
NFS_Unstable:          0 kB
Bounce:                0 kB
WritebackTmp:          0 kB
CommitLimit:    11766164 kB
Committed_AS:    3624400 kB
VmallocTotal:   34359738367 kB
VmallocUsed:      198132 kB
VmallocChunk:   34359536804 kB
HardwareCorrupted:     0 kB
AnonHugePages:         0 kB
HugePages_Total:       0
HugePages_Free:        0
HugePages_Rsvd:        0
HugePages_Surp:        0
Hugepagesize:       2048 kB
DirectMap4k:      182272 kB
DirectMap2M:     3987456 kB


CPU:total 4 (4 cores per cpu, 1 threads per core) family 6 model 58 stepping 9, cmov, cx8, fxsr, mmx, sse, sse2, sse3, ssse3, sse4.1, sse4.2, popcnt

Memory: 4k page, physical 4000560k(1190568k free), swap 9765884k(9765884k free)

vm_info: OpenJDK 64-Bit Server VM (20.0-b12) for linux-amd64 JRE (1.6.0_27-b27), built on Jul 17 2013 13:53:24 by "buildd" with gcc 4.6.3

time: Tue Nov  5 18:41:15 2013
elapsed time: 11 seconds

