#
# A fatal error has been detected by the Java Runtime Environment:
#
#  SIGSEGV (0xb) at pc=0x00007ffe1c278e84, pid=31051, tid=140728906004224
#
# JRE version: 6.0_27-b27
# Java VM: OpenJDK 64-Bit Server VM (20.0-b12 mixed mode linux-amd64 compressed oops)
# Derivative: IcedTea6 1.12.6
# Distribution: Ubuntu 12.04 LTS, package 6b27-1.12.6-1ubuntu0.12.04.2
# Problematic frame:
# C  [libpthread.so.0+0x9e84]  pthread_mutex_lock+0x4
#
# If you would like to submit a bug report, please include
# instructions how to reproduce the bug and visit:
#   https://bugs.launchpad.net/ubuntu/+source/openjdk-6/
# The crash happened outside the Java Virtual Machine in native code.
# See problematic frame for where to report the bug.
#

---------------  T H R E A D  ---------------

Current thread (0x00007ffdc0106800):  JavaThread "AWT-EventQueue-0" [_thread_in_native, id=31320, stack(0x00007ffe0063b000,0x00007ffe0073c000)]

siginfo:si_signo=SIGSEGV: si_errno=0, si_code=1 (SEGV_MAPERR), si_addr=0x0000000000000010

Registers:
RAX=0x00007ffe030b3c10, RBX=0x00007ffe1421f290, RCX=0x00007ffe00739a0c, RDX=0x00007ffe00739a00
RSP=0x00007ffe00739990, RBP=0x00007ffe00739a0c, RSI=0x00007ffe007399f0, RDI=0x0000000000000000
R8 =0x00007ffe007399e0, R9 =0x00007ffe141ebd20, R10=0x000000000000015c, R11=0x0000000000000065
R12=0x00007ffe007399e0, R13=0x00007ffdb4000f70, R14=0x00007ffdb4000f70, R15=0x00007ffdb4003310
RIP=0x00007ffe1c278e84, EFLAGS=0x0000000000010206, CSGSFS=0x0000000000000033, ERR=0x0000000000000004
  TRAPNO=0x000000000000000e

Top of Stack: (sp=0x00007ffe00739990)
0x00007ffe00739990:   00007ffe035ce000 00007ffe030cde87
0x00007ffe007399a0:   00007ffe00739a00 00007ffe007399f0
0x00007ffe007399b0:   00007ffdb4000f70 00007ffdb4003310
0x00007ffe007399c0:   00007ffe1418af00 00007ffdb4000f70
0x00007ffe007399d0:   00007ffdb4003310 00007ffe030aa3b0
0x00007ffe007399e0:   00007ffe00739b10 00007ffe1c4a1235
0x00007ffe007399f0:   0000015d0000015c 0000000000000000
0x00007ffe00739a00:   0000015600000155 00007ffd00000000
0x00007ffe00739a10:   00007ffe1418af00 00007ffdc01069d0
0x00007ffe00739a20:   00007ffe00739a80 00007ffe00739b18
0x00007ffe00739a30:   00007ffe00739b10 00007ffe035de993
0x00007ffe00739a40:   00007ffe00739b00 00007ffe1418af00
0x00007ffe00739a50:   00000000b8e8f758 00000000b8e8f758
0x00007ffe00739a60:   0000000000000000 00000000b8e8f758
0x00007ffe00739a70:   00007ffe00739b28 00007ffdc0106800
0x00007ffe00739a80:   00007ffe00739af0 00007ffe11016b4f
0x00007ffe00739a90:   00000000fffffffe 00007ffe00739ad8
0x00007ffe00739aa0:   00000000b8a475c0 0000000000000000
0x00007ffe00739ab0:   00007ffe00739ab0 00000000b8e8f758
0x00007ffe00739ac0:   00007ffe00739b28 00000000b8e93750
0x00007ffe00739ad0:   0000000000000000 00000000b8e8f758
0x00007ffe00739ae0:   0000000000000000 00007ffe00739b10
0x00007ffe00739af0:   00007ffe00739b70 00007ffe11005a33
0x00007ffe00739b00:   00000000b8e93658 00007ffe1101229b
0x00007ffe00739b10:   00000000b9493b00 00000000b8b4eee8
0x00007ffe00739b20:   00007ffe1418af00 00007ffe110059a9
0x00007ffe00739b30:   00007ffe00739b30 00000000b8bcaf94
0x00007ffe00739b40:   00007ffe00739b90 00000000b8bea300
0x00007ffe00739b50:   0000000000000000 00000000b8bcb048
0x00007ffe00739b60:   00007ffe00739b10 00007ffe00739b98
0x00007ffe00739b70:   00007ffe00739bd8 00007ffe110058da
0x00007ffe00739b80:   0000000000000000 0000000000000000 

Instructions: (pc=0x00007ffe1c278e84)
0x00007ffe1c278e64:   0f 1f 40 00 c7 47 10 ff ff ff ff 31 c0 c3 90 90
0x00007ffe1c278e74:   90 90 90 90 90 90 90 90 90 90 90 90 48 83 ec 08
0x00007ffe1c278e84:   8b 77 10 49 89 f8 89 f7 83 e7 7f 40 f6 c7 7c 75
0x00007ffe1c278e94:   3d 64 44 8b 0c 25 d0 02 00 00 85 ff 75 59 81 e6 

Register to memory mapping:

RAX=0x00007ffe030b3c10: <offset 0x2bc10> in /usr/lib/x86_64-linux-gnu/libX11.so.6 at 0x00007ffe03088000
RBX=0x00007ffe1421f290 is an unknown value
RCX=0x00007ffe00739a0c is pointing into the stack for thread: 0x00007ffdc0106800
RDX=0x00007ffe00739a00 is pointing into the stack for thread: 0x00007ffdc0106800
RSP=0x00007ffe00739990 is pointing into the stack for thread: 0x00007ffdc0106800
RBP=0x00007ffe00739a0c is pointing into the stack for thread: 0x00007ffdc0106800
RSI=0x00007ffe007399f0 is pointing into the stack for thread: 0x00007ffdc0106800
RDI=0x0000000000000000 is an unknown value
R8 =0x00007ffe007399e0 is pointing into the stack for thread: 0x00007ffdc0106800
R9 =0x00007ffe141ebd20 is an unknown value
R10=0x000000000000015c is an unknown value
R11=0x0000000000000065 is an unknown value
R12=0x00007ffe007399e0 is pointing into the stack for thread: 0x00007ffdc0106800
R13=0x00007ffdb4000f70 is an unknown value
R14=0x00007ffdb4000f70 is an unknown value
R15=0x00007ffdb4003310 is an unknown value


Stack: [0x00007ffe0063b000,0x00007ffe0073c000],  sp=0x00007ffe00739990,  free space=1018k
Native frames: (J=compiled Java code, j=interpreted, Vv=VM code, C=native code)
C  [libpthread.so.0+0x9e84]  pthread_mutex_lock+0x4

Java frames: (J=compiled Java code, j=interpreted, Vv=VM code)
j  sun.awt.X11.XlibWrapper.XGetDefault(JLjava/lang/String;Ljava/lang/String;)Ljava/lang/String;+0
j  sun.awt.X11.XToolkit.initializeMultiClickTime()V+12
j  sun.awt.X11.XToolkit.getMultiClickTime()I+6
j  sun.awt.X11.XToolkit.initializeDesktopProperties()V+66
j  java.awt.Toolkit.getDesktopProperty(Ljava/lang/String;)Ljava/lang/Object;+32
j  jogamp.nativewindow.jawt.JAWTUtil$3.run()V+5
j  java.awt.event.InvocationEvent.dispatch()V+11
j  java.awt.EventQueue.dispatchEventImpl(Ljava/awt/AWTEvent;Ljava/lang/Object;)V+21
j  java.awt.EventQueue.access$300(Ljava/awt/EventQueue;Ljava/awt/AWTEvent;Ljava/lang/Object;)V+3
j  java.awt.EventQueue$2.run()Ljava/lang/Void;+12
j  java.awt.EventQueue$2.run()Ljava/lang/Object;+1
v  ~StubRoutines::call_stub
j  java.security.AccessController.doPrivileged(Ljava/security/PrivilegedAction;Ljava/security/AccessControlContext;)Ljava/lang/Object;+0
j  java.security.AccessControlContext$1.doIntersectionPrivilege(Ljava/security/PrivilegedAction;Ljava/security/AccessControlContext;Ljava/security/AccessControlContext;)Ljava/lang/Object;+28
j  java.awt.EventQueue.dispatchEvent(Ljava/awt/AWTEvent;)V+46
j  java.awt.EventDispatchThread.pumpOneEventForFilters(I)Z+192
j  java.awt.EventDispatchThread.pumpEventsForFilter(ILjava/awt/Conditional;Ljava/awt/EventFilter;)V+30
j  java.awt.EventDispatchThread.pumpEventsForHierarchy(ILjava/awt/Conditional;Ljava/awt/Component;)V+11
j  java.awt.EventDispatchThread.pumpEvents(ILjava/awt/Conditional;)V+4
j  java.awt.EventDispatchThread.pumpEvents(Ljava/awt/Conditional;)V+3
j  java.awt.EventDispatchThread.run()V+9
v  ~StubRoutines::call_stub

---------------  P R O C E S S  ---------------

Java Threads: ( => current thread )
=>0x00007ffdc0106800 JavaThread "AWT-EventQueue-0" [_thread_in_native, id=31320, stack(0x00007ffe0063b000,0x00007ffe0073c000)]
  0x00007ffdc0105800 JavaThread "AWT-Shutdown" [_thread_blocked, id=31319, stack(0x00007ffe017db000,0x00007ffe018dc000)]
  0x00007ffdc8001800 JavaThread "main" [_thread_blocked, id=31254, stack(0x00007ffe015d9000,0x00007ffe016da000)]
  0x00007ffe1400b000 JavaThread "DestroyJavaVM" [_thread_blocked, id=31052, stack(0x00007ffe1c594000,0x00007ffe1c695000)]
  0x00007ffe14230800 JavaThread "BlueJ worker thread" [_thread_blocked, id=31249, stack(0x00007ffe016da000,0x00007ffe017db000)]
  0x00007ffe1422a000 JavaThread "AWT-XAWT" daemon [_thread_in_native, id=31239, stack(0x00007ffe018dc000,0x00007ffe019dd000)]
  0x00007ffe141a4000 JavaThread "Java2D Disposer" daemon [_thread_blocked, id=31234, stack(0x00007ffe01e59000,0x00007ffe01f5a000)]
  0x00007ffe140b2000 JavaThread "Low Memory Detector" daemon [_thread_blocked, id=31073, stack(0x00007ffe03bfc000,0x00007ffe03cfd000)]
  0x00007ffe140af800 JavaThread "C2 CompilerThread1" daemon [_thread_blocked, id=31071, stack(0x00007ffe03cfd000,0x00007ffe03dfe000)]
  0x00007ffe140ac800 JavaThread "C2 CompilerThread0" daemon [_thread_blocked, id=31070, stack(0x00007ffe03dfe000,0x00007ffe03eff000)]
  0x00007ffde4001000 JavaThread "JDWP Command Reader" daemon [_thread_in_native, id=31065, stack(0x00007ffe03eff000,0x00007ffe04000000)]
  0x00007ffe140aa800 JavaThread "JDWP Event Helper Thread" daemon [_thread_blocked, id=31063, stack(0x00007ffe1005b000,0x00007ffe1015c000)]
  0x00007ffe140a7000 JavaThread "JDWP Transport Listener: dt_socket" daemon [_thread_blocked, id=31061, stack(0x00007ffe1015c000,0x00007ffe1025d000)]
  0x00007ffe14099800 JavaThread "Signal Dispatcher" daemon [_thread_blocked, id=31060, stack(0x00007ffe10462000,0x00007ffe10563000)]
  0x00007ffe1407b000 JavaThread "Finalizer" daemon [_thread_blocked, id=31059, stack(0x00007ffe10563000,0x00007ffe10664000)]
  0x00007ffe14079000 JavaThread "Reference Handler" daemon [_thread_blocked, id=31058, stack(0x00007ffe10664000,0x00007ffe10765000)]

Other Threads:
  0x00007ffe14074800 VMThread [stack: 0x00007ffe10765000,0x00007ffe10866000] [id=31057]
  0x00007ffe140bc800 WatcherThread [stack: 0x00007ffe03afb000,0x00007ffe03bfc000] [id=31074]

VM state:not at safepoint (normal execution)

VM Mutex/Monitor currently owned by a thread: None

Heap
 PSYoungGen      total 18240K, used 10074K [0x00000000eba00000, 0x00000000ece50000, 0x0000000100000000)
  eden space 15680K, 64% used [0x00000000eba00000,0x00000000ec3d6870,0x00000000ec950000)
  from space 2560K, 0% used [0x00000000ecbd0000,0x00000000ecbd0000,0x00000000ece50000)
  to   space 2560K, 0% used [0x00000000ec950000,0x00000000ec950000,0x00000000ecbd0000)
 PSOldGen        total 41728K, used 0K [0x00000000c2e00000, 0x00000000c56c0000, 0x00000000eba00000)
  object space 41728K, 0% used [0x00000000c2e00000,0x00000000c2e00000,0x00000000c56c0000)
 PSPermGen       total 21248K, used 12878K [0x00000000b8800000, 0x00000000b9cc0000, 0x00000000c2e00000)
  object space 21248K, 60% used [0x00000000b8800000,0x00000000b9493b50,0x00000000b9cc0000)

Code Cache  [0x00007ffe11000000, 0x00007ffe11270000, 0x00007ffe14000000)
 total_blobs=574 nmethods=17 adapters=519 free_code_cache=49679488 largest_free_block=384

Dynamic libraries:
00400000-00409000 r-xp 00000000 08:01 927382                             /usr/lib/jvm/java-6-openjdk-amd64/jre/bin/java
00608000-00609000 r--p 00008000 08:01 927382                             /usr/lib/jvm/java-6-openjdk-amd64/jre/bin/java
00609000-0060a000 rw-p 00009000 08:01 927382                             /usr/lib/jvm/java-6-openjdk-amd64/jre/bin/java
01a8e000-01aaf000 rw-p 00000000 00:00 0                                  [heap]
b8800000-b9cc0000 rw-p 00000000 00:00 0 
b9cc0000-c2e00000 rw-p 00000000 00:00 0 
c2e00000-c56c0000 rw-p 00000000 00:00 0 
c56c0000-eba00000 rw-p 00000000 00:00 0 
eba00000-ece50000 rw-p 00000000 00:00 0 
ece50000-100000000 rw-p 00000000 00:00 0 
7ffdb4000000-7ffdb4021000 rw-p 00000000 00:00 0 
7ffdb4021000-7ffdb8000000 ---p 00000000 00:00 0 
7ffdbc000000-7ffdbc021000 rw-p 00000000 00:00 0 
7ffdbc021000-7ffdc0000000 ---p 00000000 00:00 0 
7ffdc0000000-7ffdc010c000 rw-p 00000000 00:00 0 
7ffdc010c000-7ffdc4000000 ---p 00000000 00:00 0 
7ffdc4000000-7ffdc4021000 rw-p 00000000 00:00 0 
7ffdc4021000-7ffdc8000000 ---p 00000000 00:00 0 
7ffdc8000000-7ffdc8078000 rw-p 00000000 00:00 0 
7ffdc8078000-7ffdcc000000 ---p 00000000 00:00 0 
7ffdcc000000-7ffdcc021000 rw-p 00000000 00:00 0 
7ffdcc021000-7ffdd0000000 ---p 00000000 00:00 0 
7ffdd0000000-7ffdd0021000 rw-p 00000000 00:00 0 
7ffdd0021000-7ffdd4000000 ---p 00000000 00:00 0 
7ffdd4000000-7ffdd41e2000 rw-p 00000000 00:00 0 
7ffdd41e2000-7ffdd8000000 ---p 00000000 00:00 0 
7ffdd8000000-7ffdd8021000 rw-p 00000000 00:00 0 
7ffdd8021000-7ffddc000000 ---p 00000000 00:00 0 
7ffddc000000-7ffddc021000 rw-p 00000000 00:00 0 
7ffddc021000-7ffde0000000 ---p 00000000 00:00 0 
7ffde0000000-7ffde01ab000 rw-p 00000000 00:00 0 
7ffde01ab000-7ffde4000000 ---p 00000000 00:00 0 
7ffde4000000-7ffde4021000 rw-p 00000000 00:00 0 
7ffde4021000-7ffde8000000 ---p 00000000 00:00 0 
7ffde8000000-7ffde8021000 rw-p 00000000 00:00 0 
7ffde8021000-7ffdec000000 ---p 00000000 00:00 0 
7ffdec000000-7ffdec021000 rw-p 00000000 00:00 0 
7ffdec021000-7ffdf0000000 ---p 00000000 00:00 0 
7ffdf0000000-7ffdf0021000 rw-p 00000000 00:00 0 
7ffdf0021000-7ffdf4000000 ---p 00000000 00:00 0 
7ffdf4000000-7ffdf4059000 rw-p 00000000 00:00 0 
7ffdf4059000-7ffdf8000000 ---p 00000000 00:00 0 
7ffdf8000000-7ffdf8021000 rw-p 00000000 00:00 0 
7ffdf8021000-7ffdfc000000 ---p 00000000 00:00 0 
7ffdfc000000-7ffdfc021000 rw-p 00000000 00:00 0 
7ffdfc021000-7ffe00000000 ---p 00000000 00:00 0 
7ffe0063b000-7ffe0063e000 ---p 00000000 00:00 0 
7ffe0063e000-7ffe0073c000 rw-p 00000000 00:00 0                          [stack:31320]
7ffe0073c000-7ffe0073e000 r-xp 00000000 08:01 2498712                    /tmp/jogamp_0000/file_cache/jln2008119449615727476/jln4114004784849179505/libnativewindow_awt.so
7ffe0073e000-7ffe0093d000 ---p 00002000 08:01 2498712                    /tmp/jogamp_0000/file_cache/jln2008119449615727476/jln4114004784849179505/libnativewindow_awt.so
7ffe0093d000-7ffe0093e000 r--p 00001000 08:01 2498712                    /tmp/jogamp_0000/file_cache/jln2008119449615727476/jln4114004784849179505/libnativewindow_awt.so
7ffe0093e000-7ffe0093f000 rw-p 00002000 08:01 2498712                    /tmp/jogamp_0000/file_cache/jln2008119449615727476/jln4114004784849179505/libnativewindow_awt.so
7ffe0093f000-7ffe00940000 r-xp 00000000 08:01 927323                     /usr/lib/jvm/java-6-openjdk-amd64/jre/lib/amd64/libjawt.so
7ffe00940000-7ffe00b3f000 ---p 00001000 08:01 927323                     /usr/lib/jvm/java-6-openjdk-amd64/jre/lib/amd64/libjawt.so
7ffe00b3f000-7ffe00b40000 r--p 00000000 08:01 927323                     /usr/lib/jvm/java-6-openjdk-amd64/jre/lib/amd64/libjawt.so
7ffe00b40000-7ffe00b41000 rw-p 00001000 08:01 927323                     /usr/lib/jvm/java-6-openjdk-amd64/jre/lib/amd64/libjawt.so
7ffe00b41000-7ffe00b45000 r-xp 00000000 08:01 925053                     /usr/lib/x86_64-linux-gnu/libXxf86vm.so.1.0.0
7ffe00b45000-7ffe00d44000 ---p 00004000 08:01 925053                     /usr/lib/x86_64-linux-gnu/libXxf86vm.so.1.0.0
7ffe00d44000-7ffe00d45000 r--p 00003000 08:01 925053                     /usr/lib/x86_64-linux-gnu/libXxf86vm.so.1.0.0
7ffe00d45000-7ffe00d46000 rw-p 00004000 08:01 925053                     /usr/lib/x86_64-linux-gnu/libXxf86vm.so.1.0.0
7ffe00d58000-7ffe00d5e000 r-xp 00000000 08:01 2498713                    /tmp/jogamp_0000/file_cache/jln2008119449615727476/jln4114004784849179505/libnativewindow_x11.so
7ffe00d5e000-7ffe00f5d000 ---p 00006000 08:01 2498713                    /tmp/jogamp_0000/file_cache/jln2008119449615727476/jln4114004784849179505/libnativewindow_x11.so
7ffe00f5d000-7ffe00f5e000 r--p 00005000 08:01 2498713                    /tmp/jogamp_0000/file_cache/jln2008119449615727476/jln4114004784849179505/libnativewindow_x11.so
7ffe00f5e000-7ffe00f5f000 rw-p 00006000 08:01 2498713                    /tmp/jogamp_0000/file_cache/jln2008119449615727476/jln4114004784849179505/libnativewindow_x11.so
7ffe00f5f000-7ffe00f61000 r-xp 00000000 08:01 2498709                    /tmp/jogamp_0000/file_cache/jln2008119449615727476/jln4114004784849179505/libgluegen-rt.so
7ffe00f61000-7ffe01160000 ---p 00002000 08:01 2498709                    /tmp/jogamp_0000/file_cache/jln2008119449615727476/jln4114004784849179505/libgluegen-rt.so
7ffe01160000-7ffe01161000 r--p 00001000 08:01 2498709                    /tmp/jogamp_0000/file_cache/jln2008119449615727476/jln4114004784849179505/libgluegen-rt.so
7ffe01161000-7ffe01162000 rw-p 00002000 08:01 2498709                    /tmp/jogamp_0000/file_cache/jln2008119449615727476/jln4114004784849179505/libgluegen-rt.so
7ffe01162000-7ffe0116a000 r-xp 00000000 08:01 927324                     /usr/lib/jvm/java-6-openjdk-amd64/jre/lib/amd64/libnio.so
7ffe0116a000-7ffe01369000 ---p 00008000 08:01 927324                     /usr/lib/jvm/java-6-openjdk-amd64/jre/lib/amd64/libnio.so
7ffe01369000-7ffe0136a000 r--p 00007000 08:01 927324                     /usr/lib/jvm/java-6-openjdk-amd64/jre/lib/amd64/libnio.so
7ffe0136a000-7ffe0136b000 rw-p 00008000 08:01 927324                     /usr/lib/jvm/java-6-openjdk-amd64/jre/lib/amd64/libnio.so
7ffe0136b000-7ffe0139c000 rw-p 00000000 00:00 0 
7ffe0139c000-7ffe013b1000 r-xp 00000000 08:01 927332                     /usr/lib/jvm/java-6-openjdk-amd64/jre/lib/amd64/libnet.so
7ffe013b1000-7ffe015b0000 ---p 00015000 08:01 927332                     /usr/lib/jvm/java-6-openjdk-amd64/jre/lib/amd64/libnet.so
7ffe015b0000-7ffe015b1000 r--p 00014000 08:01 927332                     /usr/lib/jvm/java-6-openjdk-amd64/jre/lib/amd64/libnet.so
7ffe015b1000-7ffe015b2000 rw-p 00015000 08:01 927332                     /usr/lib/jvm/java-6-openjdk-amd64/jre/lib/amd64/libnet.so
7ffe015b2000-7ffe015b3000 r--p 00000000 00:00 0 
7ffe015b3000-7ffe015b4000 r--s 00023000 08:01 1578598                    /usr/share/bluej/userlib/jogl-all-natives-linux-i586.jar
7ffe015b4000-7ffe015b5000 r--s 00000000 08:01 1578586                    /usr/share/bluej/userlib/gluegen-rt-natives-macosx-universal.jar
7ffe015b5000-7ffe015b6000 r--s 00000000 08:01 1578583                    /usr/share/bluej/userlib/gluegen-rt-natives-linux-armv7hf.jar
7ffe015b6000-7ffe015d0000 r--s 00477000 08:01 1578592                    /usr/share/bluej/userlib/jogl-all.jar
7ffe015d0000-7ffe015d1000 r--s 00049000 08:01 1578599                    /usr/share/bluej/userlib/jogl-all-natives-macosx-universal.jar
7ffe015d1000-7ffe015d2000 r--s 0001a000 08:01 1578596                    /usr/share/bluej/userlib/jogl-all-natives-linux-armv7hf.jar
7ffe015d2000-7ffe015d3000 r--s 00000000 08:01 1578588                    /usr/share/bluej/userlib/gluegen-rt-natives-solaris-i586.jar
7ffe015d3000-7ffe015d4000 r--s 00024000 08:01 1578600                    /usr/share/bluej/userlib/jogl-all-natives-solaris-amd64.jar
7ffe015d4000-7ffe015d5000 r--s 00000000 08:01 1578585                    /usr/share/bluej/userlib/gluegen-rt-natives-linux-i586.jar
7ffe015d5000-7ffe015d6000 r--s 00001000 08:01 1578590                    /usr/share/bluej/userlib/gluegen-rt-natives-windows-i586.jar
7ffe015d6000-7ffe015d7000 r--s 00023000 08:01 1578595                    /usr/share/bluej/userlib/jogl-all-natives-linux-amd64.jar
7ffe015d7000-7ffe015d8000 r--s 00000000 08:01 1578584                    /usr/share/bluej/userlib/gluegen-rt-natives-linux-armv7.jar
7ffe015d8000-7ffe015d9000 r--s 0001a000 08:01 1578597                    /usr/share/bluej/userlib/jogl-all-natives-linux-armv7.jar
7ffe015d9000-7ffe015dc000 ---p 00000000 00:00 0 
7ffe015dc000-7ffe016da000 rw-p 00000000 00:00 0                          [stack:31254]
7ffe016da000-7ffe016dd000 ---p 00000000 00:00 0 
7ffe016dd000-7ffe017db000 rw-p 00000000 00:00 0                          [stack:31249]
7ffe017db000-7ffe017de000 ---p 00000000 00:00 0 
7ffe017de000-7ffe018dc000 rw-p 00000000 00:00 0                          [stack:31319]
7ffe018dc000-7ffe018df000 ---p 00000000 00:00 0 
7ffe018df000-7ffe019dd000 rw-p 00000000 00:00 0                          [stack:31239]
7ffe019dd000-7ffe019e6000 r--s 00000000 08:01 1577305                    /var/cache/fontconfig/945677eb7aeaf62f1d50efc3fb3ec7d8-le64.cache-3
7ffe019e6000-7ffe019ea000 r--s 00000000 08:01 1577292                    /var/cache/fontconfig/2cd17615ca594fa2959ae173292e504c-le64.cache-3
7ffe019ea000-7ffe019f0000 r--s 00000000 08:01 1577307                    /var/cache/fontconfig/a755afe4a08bf5b97852ceb7400b47bc-le64.cache-3
7ffe019f0000-7ffe019f9000 r--s 00000000 08:01 1577812                    /var/cache/fontconfig/6d41288fd70b0be22e8c3a91e032eec0-le64.cache-3
7ffe019f9000-7ffe019fa000 r--s 00021000 08:01 1578603                    /usr/share/bluej/userlib/jogl-all-natives-windows-i586.jar
7ffe019fa000-7ffe019fb000 r--s 00001000 08:01 1578589                    /usr/share/bluej/userlib/gluegen-rt-natives-windows-amd64.jar
7ffe019fb000-7ffe01a0f000 r--s 002c7000 08:01 1578593                    /usr/share/bluej/userlib/jogl-all-mobile.jar
7ffe01a0f000-7ffe01a17000 r--s 00089000 08:01 1578579                    /usr/share/bluej/userlib/gluegen.jar
7ffe01a17000-7ffe01a19000 r--s 00000000 08:01 1578587                    /usr/share/bluej/userlib/gluegen-rt-natives-solaris-amd64.jar
7ffe01a19000-7ffe01a30000 r--s 00441000 08:01 1578604                    /usr/share/bluej/userlib/jogl-all-noawt.jar
7ffe01a30000-7ffe01a35000 r-xp 00000000 08:01 925025                     /usr/lib/x86_64-linux-gnu/libXfixes.so.3.1.0
7ffe01a35000-7ffe01c34000 ---p 00005000 08:01 925025                     /usr/lib/x86_64-linux-gnu/libXfixes.so.3.1.0
7ffe01c34000-7ffe01c35000 r--p 00004000 08:01 925025                     /usr/lib/x86_64-linux-gnu/libXfixes.so.3.1.0
7ffe01c35000-7ffe01c36000 rw-p 00005000 08:01 925025                     /usr/lib/x86_64-linux-gnu/libXfixes.so.3.1.0
7ffe01c36000-7ffe01c3f000 r-xp 00000000 08:01 925017                     /usr/lib/x86_64-linux-gnu/libXcursor.so.1.0.2
7ffe01c3f000-7ffe01e3e000 ---p 00009000 08:01 925017                     /usr/lib/x86_64-linux-gnu/libXcursor.so.1.0.2
7ffe01e3e000-7ffe01e3f000 r--p 00008000 08:01 925017                     /usr/lib/x86_64-linux-gnu/libXcursor.so.1.0.2
7ffe01e3f000-7ffe01e40000 rw-p 00009000 08:01 925017                     /usr/lib/x86_64-linux-gnu/libXcursor.so.1.0.2
7ffe01e40000-7ffe01e41000 r--s 00008000 08:01 1578594                    /usr/share/bluej/userlib/jogl-all-natives-android-armv7.jar
7ffe01e41000-7ffe01e42000 r--s 0001b000 08:01 1578602                    /usr/share/bluej/userlib/jogl-all-natives-windows-amd64.jar
7ffe01e42000-7ffe01e43000 r--s 0001b000 08:01 1578601                    /usr/share/bluej/userlib/jogl-all-natives-solaris-i586.jar
7ffe01e43000-7ffe01e46000 r--s 0002e000 08:01 1578591                    /usr/share/bluej/userlib/GOOP.jar
7ffe01e46000-7ffe01e4b000 r--s 0002c000 08:01 1578581                    /usr/share/bluej/userlib/gluegen-rt.jar
7ffe01e4b000-7ffe01e4c000 r--s 00000000 08:01 1578582                    /usr/share/bluej/userlib/gluegen-rt-natives-linux-amd64.jar
7ffe01e4c000-7ffe01e52000 r--s 00034000 08:01 930880                     /usr/share/bluej/junit-4.8.2.jar
7ffe01e52000-7ffe01e59000 r--s 000fc000 08:01 927280                     /usr/lib/jvm/java-6-openjdk-common/jre/lib/resources.jar
7ffe01e59000-7ffe01e5c000 ---p 00000000 00:00 0 
7ffe01e5c000-7ffe01f5a000 rw-p 00000000 00:00 0                          [stack:31234]
7ffe01f5a000-7ffe01ff0000 r-xp 00000000 08:01 925213                     /usr/lib/x86_64-linux-gnu/libfreetype.so.6.8.0
7ffe01ff0000-7ffe021ef000 ---p 00096000 08:01 925213                     /usr/lib/x86_64-linux-gnu/libfreetype.so.6.8.0
7ffe021ef000-7ffe021f5000 r--p 00095000 08:01 925213                     /usr/lib/x86_64-linux-gnu/libfreetype.so.6.8.0
7ffe021f5000-7ffe021f6000 rw-p 0009b000 08:01 925213                     /usr/lib/x86_64-linux-gnu/libfreetype.so.6.8.0
7ffe021f6000-7ffe0223f000 r-xp 00000000 08:01 927340                     /usr/lib/jvm/java-6-openjdk-amd64/jre/lib/amd64/libfontmanager.so
7ffe0223f000-7ffe0243e000 ---p 00049000 08:01 927340                     /usr/lib/jvm/java-6-openjdk-amd64/jre/lib/amd64/libfontmanager.so
7ffe0243e000-7ffe02440000 r--p 00048000 08:01 927340                     /usr/lib/jvm/java-6-openjdk-amd64/jre/lib/amd64/libfontmanager.so
7ffe02440000-7ffe02441000 rw-p 0004a000 08:01 927340                     /usr/lib/jvm/java-6-openjdk-amd64/jre/lib/amd64/libfontmanager.so
7ffe02441000-7ffe02442000 rw-p 00000000 00:00 0 
7ffe02442000-7ffe02447000 r-xp 00000000 08:01 925021                     /usr/lib/x86_64-linux-gnu/libXdmcp.so.6.0.0
7ffe02447000-7ffe02646000 ---p 00005000 08:01 925021                     /usr/lib/x86_64-linux-gnu/libXdmcp.so.6.0.0
7ffe02646000-7ffe02647000 r--p 00004000 08:01 925021                     /usr/lib/x86_64-linux-gnu/libXdmcp.so.6.0.0
7ffe02647000-7ffe02648000 rw-p 00005000 08:01 925021                     /usr/lib/x86_64-linux-gnu/libXdmcp.so.6.0.0
7ffe02648000-7ffe0264a000 r-xp 00000000 08:01 925010                     /usr/lib/x86_64-linux-gnu/libXau.so.6.0.0
7ffe0264a000-7ffe02849000 ---p 00002000 08:01 925010                     /usr/lib/x86_64-linux-gnu/libXau.so.6.0.0
7ffe02849000-7ffe0284a000 r--p 00001000 08:01 925010                     /usr/lib/x86_64-linux-gnu/libXau.so.6.0.0
7ffe0284a000-7ffe0284b000 rw-p 00002000 08:01 925010                     /usr/lib/x86_64-linux-gnu/libXau.so.6.0.0
7ffe0284b000-7ffe02868000 r-xp 00000000 08:01 925617                     /usr/lib/x86_64-linux-gnu/libxcb.so.1.1.0
7ffe02868000-7ffe02a67000 ---p 0001d000 08:01 925617                     /usr/lib/x86_64-linux-gnu/libxcb.so.1.1.0
7ffe02a67000-7ffe02a68000 r--p 0001c000 08:01 925617                     /usr/lib/x86_64-linux-gnu/libxcb.so.1.1.0
7ffe02a68000-7ffe02a69000 rw-p 0001d000 08:01 925617                     /usr/lib/x86_64-linux-gnu/libxcb.so.1.1.0
7ffe02a69000-7ffe02a77000 r-xp 00000000 08:01 925029                     /usr/lib/x86_64-linux-gnu/libXi.so.6.1.0
7ffe02a77000-7ffe02c76000 ---p 0000e000 08:01 925029                     /usr/lib/x86_64-linux-gnu/libXi.so.6.1.0
7ffe02c76000-7ffe02c77000 r--p 0000d000 08:01 925029                     /usr/lib/x86_64-linux-gnu/libXi.so.6.1.0
7ffe02c77000-7ffe02c78000 rw-p 0000e000 08:01 925029                     /usr/lib/x86_64-linux-gnu/libXi.so.6.1.0
7ffe02c78000-7ffe02c7d000 r-xp 00000000 08:01 925049                     /usr/lib/x86_64-linux-gnu/libXtst.so.6.1.0
7ffe02c7d000-7ffe02e7c000 ---p 00005000 08:01 925049                     /usr/lib/x86_64-linux-gnu/libXtst.so.6.1.0
7ffe02e7c000-7ffe02e7d000 r--p 00004000 08:01 925049                     /usr/lib/x86_64-linux-gnu/libXtst.so.6.1.0
7ffe02e7d000-7ffe02e7e000 rw-p 00005000 08:01 925049                     /usr/lib/x86_64-linux-gnu/libXtst.so.6.1.0
7ffe02e7e000-7ffe02e87000 r-xp 00000000 08:01 925045                     /usr/lib/x86_64-linux-gnu/libXrender.so.1.3.0
7ffe02e87000-7ffe03086000 ---p 00009000 08:01 925045                     /usr/lib/x86_64-linux-gnu/libXrender.so.1.3.0
7ffe03086000-7ffe03087000 r--p 00008000 08:01 925045                     /usr/lib/x86_64-linux-gnu/libXrender.so.1.3.0
7ffe03087000-7ffe03088000 rw-p 00009000 08:01 925045                     /usr/lib/x86_64-linux-gnu/libXrender.so.1.3.0
7ffe03088000-7ffe031b8000 r-xp 00000000 08:01 921175                     /usr/lib/x86_64-linux-gnu/libX11.so.6.3.0
7ffe031b8000-7ffe033b8000 ---p 00130000 08:01 921175                     /usr/lib/x86_64-linux-gnu/libX11.so.6.3.0
7ffe033b8000-7ffe033b9000 r--p 00130000 08:01 921175                     /usr/lib/x86_64-linux-gnu/libX11.so.6.3.0
7ffe033b9000-7ffe033bd000 rw-p 00131000 08:01 921175                     /usr/lib/x86_64-linux-gnu/libX11.so.6.3.0
7ffe033bd000-7ffe033cd000 r-xp 00000000 08:01 925023                     /usr/lib/x86_64-linux-gnu/libXext.so.6.4.0
7ffe033cd000-7ffe035cc000 ---p 00010000 08:01 925023                     /usr/lib/x86_64-linux-gnu/libXext.so.6.4.0
7ffe035cc000-7ffe035cd000 r--p 0000f000 08:01 925023                     /usr/lib/x86_64-linux-gnu/libXext.so.6.4.0
7ffe035cd000-7ffe035ce000 rw-p 00010000 08:01 925023                     /usr/lib/x86_64-linux-gnu/libXext.so.6.4.0
7ffe035ce000-7ffe03619000 r-xp 00000000 08:01 927637                     /usr/lib/jvm/java-6-openjdk-amd64/jre/lib/amd64/xawt/libmawt.so
7ffe03619000-7ffe03819000 ---p 0004b000 08:01 927637                     /usr/lib/jvm/java-6-openjdk-amd64/jre/lib/amd64/xawt/libmawt.so
7ffe03819000-7ffe0381a000 r--p 0004b000 08:01 927637                     /usr/lib/jvm/java-6-openjdk-amd64/jre/lib/amd64/xawt/libmawt.so
7ffe0381a000-7ffe0381d000 rw-p 0004c000 08:01 927637                     /usr/lib/jvm/java-6-openjdk-amd64/jre/lib/amd64/xawt/libmawt.so
7ffe0381d000-7ffe0381e000 rw-p 00000000 00:00 0 
7ffe0381e000-7ffe038cb000 r-xp 00000000 08:01 927325                     /usr/lib/jvm/java-6-openjdk-amd64/jre/lib/amd64/libawt.so
7ffe038cb000-7ffe03aca000 ---p 000ad000 08:01 927325                     /usr/lib/jvm/java-6-openjdk-amd64/jre/lib/amd64/libawt.so
7ffe03aca000-7ffe03acb000 r--p 000ac000 08:01 927325                     /usr/lib/jvm/java-6-openjdk-amd64/jre/lib/amd64/libawt.so
7ffe03acb000-7ffe03ad6000 rw-p 000ad000 08:01 927325                     /usr/lib/jvm/java-6-openjdk-amd64/jre/lib/amd64/libawt.so
7ffe03ad6000-7ffe03afb000 rw-p 00000000 00:00 0 
7ffe03afb000-7ffe03afc000 ---p 00000000 00:00 0 
7ffe03afc000-7ffe03bfc000 rw-p 00000000 00:00 0                          [stack:31074]
7ffe03bfc000-7ffe03bff000 ---p 00000000 00:00 0 
7ffe03bff000-7ffe03cfd000 rw-p 00000000 00:00 0                          [stack:31073]
7ffe03cfd000-7ffe03d00000 ---p 00000000 00:00 0 
7ffe03d00000-7ffe03dfe000 rw-p 00000000 00:00 0                          [stack:31071]
7ffe03dfe000-7ffe03e01000 ---p 00000000 00:00 0 
7ffe03e01000-7ffe03eff000 rw-p 00000000 00:00 0                          [stack:31070]
7ffe03eff000-7ffe03f02000 ---p 00000000 00:00 0 
7ffe03f02000-7ffe04000000 rw-p 00000000 00:00 0                          [stack:31065]
7ffe04000000-7ffe04021000 rw-p 00000000 00:00 0 
7ffe04021000-7ffe08000000 ---p 00000000 00:00 0 
7ffe08000000-7ffe08021000 rw-p 00000000 00:00 0 
7ffe08021000-7ffe0c000000 ---p 00000000 00:00 0 
7ffe0c000000-7ffe0c021000 rw-p 00000000 00:00 0 
7ffe0c021000-7ffe10000000 ---p 00000000 00:00 0 
7ffe10000000-7ffe10001000 r--s 00000000 08:01 1577310                    /var/cache/fontconfig/c05880de57d1f5e948fdfacc138775d9-le64.cache-3
7ffe10001000-7ffe10003000 r--s 00000000 08:01 1577306                    /var/cache/fontconfig/99e8ed0e538f840c565b6ed5dad60d56-le64.cache-3
7ffe10003000-7ffe10004000 r--s 00000000 08:01 1577317                    /var/cache/fontconfig/e7071f4a29fa870f4323321c154eba04-le64.cache-3
7ffe10004000-7ffe10005000 r--s 00000000 08:01 1577290                    /var/cache/fontconfig/0d8c3b2ac0904cb8a57a757ad11a4a08-le64.cache-3
7ffe10005000-7ffe10015000 r--s 00000000 08:01 1577289                    /var/cache/fontconfig/04aabc0a78ac019cf9454389977116d2-le64.cache-3
7ffe10015000-7ffe10018000 r--s 00000000 08:01 1577295                    /var/cache/fontconfig/385c0604a188198f04d133e54aba7fe7-le64.cache-3
7ffe10018000-7ffe10019000 r--s 00000000 08:01 1577296                    /var/cache/fontconfig/4794a0821666d79190d59a36cb4f44b5-le64.cache-3
7ffe10019000-7ffe1001c000 r--s 00000000 08:01 1577304                    /var/cache/fontconfig/8801497958630a81b71ace7c5f9b32a8-le64.cache-3
7ffe1001c000-7ffe10021000 r--s 00000000 08:01 1577293                    /var/cache/fontconfig/3047814df9a2f067bd2d96a2b9c36e5a-le64.cache-3
7ffe10021000-7ffe10022000 r--s 00000000 08:01 1577298                    /var/cache/fontconfig/56cf4f4769d0f4abc89a4895d7bd3ae1-le64.cache-3
7ffe10022000-7ffe10023000 r--s 00000000 08:01 1577309                    /var/cache/fontconfig/b9d506c9ac06c20b433354fa67a72993-le64.cache-3
7ffe10023000-7ffe10028000 r--s 00000000 08:01 1577308                    /var/cache/fontconfig/b47c4e1ecd0709278f4910c18777a504-le64.cache-3
7ffe10028000-7ffe10038000 r--s 00000000 08:01 1577313                    /var/cache/fontconfig/d52a8644073d54c13679302ca1180695-le64.cache-3
7ffe10038000-7ffe1003b000 r--s 00000000 08:01 1577698                    /var/cache/fontconfig/e13b20fdb08344e0e664864cc2ede53d-le64.cache-3
7ffe1003b000-7ffe1003f000 r--s 00000000 08:01 1577312                    /var/cache/fontconfig/7ef2298fde41cc6eeb7af42e48b7d293-le64.cache-3
7ffe1003f000-7ffe10048000 r--s 00000000 08:01 1577305                    /var/cache/fontconfig/945677eb7aeaf62f1d50efc3fb3ec7d8-le64.cache-3
7ffe10048000-7ffe1004c000 r--s 00000000 08:01 1577292                    /var/cache/fontconfig/2cd17615ca594fa2959ae173292e504c-le64.cache-3
7ffe1004c000-7ffe10052000 r--s 00000000 08:01 1577307                    /var/cache/fontconfig/a755afe4a08bf5b97852ceb7400b47bc-le64.cache-3
7ffe10052000-7ffe1005b000 r--s 00000000 08:01 1577812                    /var/cache/fontconfig/6d41288fd70b0be22e8c3a91e032eec0-le64.cache-3
7ffe1005b000-7ffe1005e000 ---p 00000000 00:00 0 
7ffe1005e000-7ffe1015c000 rw-p 00000000 00:00 0                          [stack:31063]
7ffe1015c000-7ffe1015f000 ---p 00000000 00:00 0 
7ffe1015f000-7ffe1025d000 rw-p 00000000 00:00 0                          [stack:31061]
7ffe1025d000-7ffe10261000 r-xp 00000000 08:01 927354                     /usr/lib/jvm/java-6-openjdk-amd64/jre/lib/amd64/libdt_socket.so
7ffe10261000-7ffe10460000 ---p 00004000 08:01 927354                     /usr/lib/jvm/java-6-openjdk-amd64/jre/lib/amd64/libdt_socket.so
7ffe10460000-7ffe10461000 r--p 00003000 08:01 927354                     /usr/lib/jvm/java-6-openjdk-amd64/jre/lib/amd64/libdt_socket.so
7ffe10461000-7ffe10462000 rw-p 00004000 08:01 927354                     /usr/lib/jvm/java-6-openjdk-amd64/jre/lib/amd64/libdt_socket.so
7ffe10462000-7ffe10465000 ---p 00000000 00:00 0 
7ffe10465000-7ffe10563000 rw-p 00000000 00:00 0                          [stack:31060]
7ffe10563000-7ffe10566000 ---p 00000000 00:00 0 
7ffe10566000-7ffe10664000 rw-p 00000000 00:00 0                          [stack:31059]
7ffe10664000-7ffe10667000 ---p 00000000 00:00 0 
7ffe10667000-7ffe10765000 rw-p 00000000 00:00 0                          [stack:31058]
7ffe10765000-7ffe10766000 ---p 00000000 00:00 0 
7ffe10766000-7ffe10d6b000 rw-p 00000000 00:00 0                          [stack:31057]
7ffe10d6b000-7ffe10eff000 r--s 03807000 08:01 927308                     /usr/lib/jvm/java-6-openjdk-amd64/jre/lib/rt.jar
7ffe10eff000-7ffe10f00000 ---p 00000000 00:00 0 
7ffe10f00000-7ffe11000000 rw-p 00000000 00:00 0                          [stack:31056]
7ffe11000000-7ffe11270000 rwxp 00000000 00:00 0 
7ffe11270000-7ffe14233000 rw-p 00000000 00:00 0 
7ffe14233000-7ffe18000000 ---p 00000000 00:00 0 
7ffe18000000-7ffe18001000 r--s 00000000 08:01 1577310                    /var/cache/fontconfig/c05880de57d1f5e948fdfacc138775d9-le64.cache-3
7ffe18001000-7ffe18003000 r--s 00000000 08:01 1577306                    /var/cache/fontconfig/99e8ed0e538f840c565b6ed5dad60d56-le64.cache-3
7ffe18003000-7ffe18004000 r--s 00000000 08:01 1577317                    /var/cache/fontconfig/e7071f4a29fa870f4323321c154eba04-le64.cache-3
7ffe18004000-7ffe18005000 r--s 00000000 08:01 1577290                    /var/cache/fontconfig/0d8c3b2ac0904cb8a57a757ad11a4a08-le64.cache-3
7ffe18005000-7ffe18015000 r--s 00000000 08:01 1577289                    /var/cache/fontconfig/04aabc0a78ac019cf9454389977116d2-le64.cache-3
7ffe18015000-7ffe18018000 r--s 00000000 08:01 1577295                    /var/cache/fontconfig/385c0604a188198f04d133e54aba7fe7-le64.cache-3
7ffe18018000-7ffe18019000 r--s 00000000 08:01 1577296                    /var/cache/fontconfig/4794a0821666d79190d59a36cb4f44b5-le64.cache-3
7ffe18019000-7ffe1801c000 r--s 00000000 08:01 1577304                    /var/cache/fontconfig/8801497958630a81b71ace7c5f9b32a8-le64.cache-3
7ffe1801c000-7ffe18021000 r--s 00000000 08:01 1577293                    /var/cache/fontconfig/3047814df9a2f067bd2d96a2b9c36e5a-le64.cache-3
7ffe18021000-7ffe18022000 r--s 00000000 08:01 1577298                    /var/cache/fontconfig/56cf4f4769d0f4abc89a4895d7bd3ae1-le64.cache-3
7ffe18022000-7ffe18027000 r--s 00000000 08:01 1577308                    /var/cache/fontconfig/b47c4e1ecd0709278f4910c18777a504-le64.cache-3
7ffe18027000-7ffe18037000 r--s 00000000 08:01 1577313                    /var/cache/fontconfig/d52a8644073d54c13679302ca1180695-le64.cache-3
7ffe18037000-7ffe1803a000 r--s 00000000 08:01 1577698                    /var/cache/fontconfig/e13b20fdb08344e0e664864cc2ede53d-le64.cache-3
7ffe1803a000-7ffe1803e000 r--s 00000000 08:01 1577312                    /var/cache/fontconfig/7ef2298fde41cc6eeb7af42e48b7d293-le64.cache-3
7ffe1803e000-7ffe18063000 r--p 00000000 08:01 1321658                    /usr/share/locale-langpack/de/LC_MESSAGES/libc.mo
7ffe18063000-7ffe180be000 rw-p 00000000 00:00 0 
7ffe180be000-7ffe180bf000 ---p 00000000 00:00 0 
7ffe180bf000-7ffe181bf000 rw-p 00000000 00:00 0                          [stack:31055]
7ffe181bf000-7ffe181c0000 ---p 00000000 00:00 0 
7ffe181c0000-7ffe182c0000 rw-p 00000000 00:00 0                          [stack:31054]
7ffe182c0000-7ffe182c1000 ---p 00000000 00:00 0 
7ffe182c1000-7ffe183cc000 rw-p 00000000 00:00 0                          [stack:31053]
7ffe183cc000-7ffe18414000 rw-p 00000000 00:00 0 
7ffe18414000-7ffe18429000 rw-p 00000000 00:00 0 
7ffe18429000-7ffe1855a000 rw-p 00000000 00:00 0 
7ffe1855a000-7ffe18565000 rw-p 00000000 00:00 0 
7ffe18565000-7ffe185ad000 rw-p 00000000 00:00 0 
7ffe185ad000-7ffe185c2000 rw-p 00000000 00:00 0 
7ffe185c2000-7ffe186f3000 rw-p 00000000 00:00 0 
7ffe186f3000-7ffe186fe000 rw-p 00000000 00:00 0 
7ffe186fe000-7ffe18796000 rw-p 00000000 00:00 0 
7ffe18796000-7ffe18797000 rw-p 00000000 00:00 0 
7ffe18797000-7ffe1879e000 r-xp 00000000 08:01 927322                     /usr/lib/jvm/java-6-openjdk-amd64/jre/lib/amd64/libzip.so
7ffe1879e000-7ffe1899d000 ---p 00007000 08:01 927322                     /usr/lib/jvm/java-6-openjdk-amd64/jre/lib/amd64/libzip.so
7ffe1899d000-7ffe1899e000 r--p 00006000 08:01 927322                     /usr/lib/jvm/java-6-openjdk-amd64/jre/lib/amd64/libzip.so
7ffe1899e000-7ffe1899f000 rw-p 00007000 08:01 927322                     /usr/lib/jvm/java-6-openjdk-amd64/jre/lib/amd64/libzip.so
7ffe1899f000-7ffe189ab000 r-xp 00000000 08:01 3938836                    /lib/x86_64-linux-gnu/libnss_files-2.15.so
7ffe189ab000-7ffe18baa000 ---p 0000c000 08:01 3938836                    /lib/x86_64-linux-gnu/libnss_files-2.15.so
7ffe18baa000-7ffe18bab000 r--p 0000b000 08:01 3938836                    /lib/x86_64-linux-gnu/libnss_files-2.15.so
7ffe18bab000-7ffe18bac000 rw-p 0000c000 08:01 3938836                    /lib/x86_64-linux-gnu/libnss_files-2.15.so
7ffe18bac000-7ffe18bb6000 r-xp 00000000 08:01 3938840                    /lib/x86_64-linux-gnu/libnss_nis-2.15.so
7ffe18bb6000-7ffe18db6000 ---p 0000a000 08:01 3938840                    /lib/x86_64-linux-gnu/libnss_nis-2.15.so
7ffe18db6000-7ffe18db7000 r--p 0000a000 08:01 3938840                    /lib/x86_64-linux-gnu/libnss_nis-2.15.so
7ffe18db7000-7ffe18db8000 rw-p 0000b000 08:01 3938840                    /lib/x86_64-linux-gnu/libnss_nis-2.15.so
7ffe18db8000-7ffe18dcf000 r-xp 00000000 08:01 3938852                    /lib/x86_64-linux-gnu/libnsl-2.15.so
7ffe18dcf000-7ffe18fce000 ---p 00017000 08:01 3938852                    /lib/x86_64-linux-gnu/libnsl-2.15.so
7ffe18fce000-7ffe18fcf000 r--p 00016000 08:01 3938852                    /lib/x86_64-linux-gnu/libnsl-2.15.so
7ffe18fcf000-7ffe18fd0000 rw-p 00017000 08:01 3938852                    /lib/x86_64-linux-gnu/libnsl-2.15.so
7ffe18fd0000-7ffe18fd2000 rw-p 00000000 00:00 0 
7ffe18fd2000-7ffe18fda000 r-xp 00000000 08:01 3938834                    /lib/x86_64-linux-gnu/libnss_compat-2.15.so
7ffe18fda000-7ffe191d9000 ---p 00008000 08:01 3938834                    /lib/x86_64-linux-gnu/libnss_compat-2.15.so
7ffe191d9000-7ffe191da000 r--p 00007000 08:01 3938834                    /lib/x86_64-linux-gnu/libnss_compat-2.15.so
7ffe191da000-7ffe191db000 rw-p 00008000 08:01 3938834                    /lib/x86_64-linux-gnu/libnss_compat-2.15.so
7ffe191db000-7ffe19a32000 r--p 00000000 08:01 924297                     /usr/lib/locale/locale-archive
7ffe19a32000-7ffe19a35000 r-xp 00000000 08:01 927328                     /usr/lib/jvm/java-6-openjdk-amd64/jre/lib/amd64/libnpt.so
7ffe19a35000-7ffe19c34000 ---p 00003000 08:01 927328                     /usr/lib/jvm/java-6-openjdk-amd64/jre/lib/amd64/libnpt.so
7ffe19c34000-7ffe19c35000 r--p 00002000 08:01 927328                     /usr/lib/jvm/java-6-openjdk-amd64/jre/lib/amd64/libnpt.so
7ffe19c35000-7ffe19c36000 rw-p 00003000 08:01 927328                     /usr/lib/jvm/java-6-openjdk-amd64/jre/lib/amd64/libnpt.so
7ffe19c36000-7ffe19c70000 r-xp 00000000 08:01 927329                     /usr/lib/jvm/java-6-openjdk-amd64/jre/lib/amd64/libjdwp.so
7ffe19c70000-7ffe19e6f000 ---p 0003a000 08:01 927329                     /usr/lib/jvm/java-6-openjdk-amd64/jre/lib/amd64/libjdwp.so
7ffe19e6f000-7ffe19e70000 r--p 00039000 08:01 927329                     /usr/lib/jvm/java-6-openjdk-amd64/jre/lib/amd64/libjdwp.so
7ffe19e70000-7ffe19e71000 rw-p 0003a000 08:01 927329                     /usr/lib/jvm/java-6-openjdk-amd64/jre/lib/amd64/libjdwp.so
7ffe19e71000-7ffe19e9d000 r-xp 00000000 08:01 927321                     /usr/lib/jvm/java-6-openjdk-amd64/jre/lib/amd64/libjava.so
7ffe19e9d000-7ffe1a09c000 ---p 0002c000 08:01 927321                     /usr/lib/jvm/java-6-openjdk-amd64/jre/lib/amd64/libjava.so
7ffe1a09c000-7ffe1a09d000 r--p 0002b000 08:01 927321                     /usr/lib/jvm/java-6-openjdk-amd64/jre/lib/amd64/libjava.so
7ffe1a09d000-7ffe1a0a0000 rw-p 0002c000 08:01 927321                     /usr/lib/jvm/java-6-openjdk-amd64/jre/lib/amd64/libjava.so
7ffe1a0a0000-7ffe1a0ae000 r-xp 00000000 08:01 927348                     /usr/lib/jvm/java-6-openjdk-amd64/jre/lib/amd64/libverify.so
7ffe1a0ae000-7ffe1a2ad000 ---p 0000e000 08:01 927348                     /usr/lib/jvm/java-6-openjdk-amd64/jre/lib/amd64/libverify.so
7ffe1a2ad000-7ffe1a2af000 r--p 0000d000 08:01 927348                     /usr/lib/jvm/java-6-openjdk-amd64/jre/lib/amd64/libverify.so
7ffe1a2af000-7ffe1a2b0000 rw-p 0000f000 08:01 927348                     /usr/lib/jvm/java-6-openjdk-amd64/jre/lib/amd64/libverify.so
7ffe1a2b0000-7ffe1a2b7000 r-xp 00000000 08:01 3938839                    /lib/x86_64-linux-gnu/librt-2.15.so
7ffe1a2b7000-7ffe1a4b6000 ---p 00007000 08:01 3938839                    /lib/x86_64-linux-gnu/librt-2.15.so
7ffe1a4b6000-7ffe1a4b7000 r--p 00006000 08:01 3938839                    /lib/x86_64-linux-gnu/librt-2.15.so
7ffe1a4b7000-7ffe1a4b8000 rw-p 00007000 08:01 3938839                    /lib/x86_64-linux-gnu/librt-2.15.so
7ffe1a4b8000-7ffe1a4cd000 r-xp 00000000 08:01 3935977                    /lib/x86_64-linux-gnu/libgcc_s.so.1
7ffe1a4cd000-7ffe1a6cc000 ---p 00015000 08:01 3935977                    /lib/x86_64-linux-gnu/libgcc_s.so.1
7ffe1a6cc000-7ffe1a6cd000 r--p 00014000 08:01 3935977                    /lib/x86_64-linux-gnu/libgcc_s.so.1
7ffe1a6cd000-7ffe1a6ce000 rw-p 00015000 08:01 3935977                    /lib/x86_64-linux-gnu/libgcc_s.so.1
7ffe1a6ce000-7ffe1a7c9000 r-xp 00000000 08:01 3938843                    /lib/x86_64-linux-gnu/libm-2.15.so
7ffe1a7c9000-7ffe1a9c8000 ---p 000fb000 08:01 3938843                    /lib/x86_64-linux-gnu/libm-2.15.so
7ffe1a9c8000-7ffe1a9c9000 r--p 000fa000 08:01 3938843                    /lib/x86_64-linux-gnu/libm-2.15.so
7ffe1a9c9000-7ffe1a9ca000 rw-p 000fb000 08:01 3938843                    /lib/x86_64-linux-gnu/libm-2.15.so
7ffe1a9ca000-7ffe1aaac000 r-xp 00000000 08:01 925553                     /usr/lib/x86_64-linux-gnu/libstdc++.so.6.0.16
7ffe1aaac000-7ffe1acab000 ---p 000e2000 08:01 925553                     /usr/lib/x86_64-linux-gnu/libstdc++.so.6.0.16
7ffe1acab000-7ffe1acb3000 r--p 000e1000 08:01 925553                     /usr/lib/x86_64-linux-gnu/libstdc++.so.6.0.16
7ffe1acb3000-7ffe1acb5000 rw-p 000e9000 08:01 925553                     /usr/lib/x86_64-linux-gnu/libstdc++.so.6.0.16
7ffe1acb5000-7ffe1acca000 rw-p 00000000 00:00 0 
7ffe1acca000-7ffe1b5ca000 r-xp 00000000 08:01 927336                     /usr/lib/jvm/java-6-openjdk-amd64/jre/lib/amd64/server/libjvm.so
7ffe1b5ca000-7ffe1b7ca000 ---p 00900000 08:01 927336                     /usr/lib/jvm/java-6-openjdk-amd64/jre/lib/amd64/server/libjvm.so
7ffe1b7ca000-7ffe1b84b000 r--p 00900000 08:01 927336                     /usr/lib/jvm/java-6-openjdk-amd64/jre/lib/amd64/server/libjvm.so
7ffe1b84b000-7ffe1b866000 rw-p 00981000 08:01 927336                     /usr/lib/jvm/java-6-openjdk-amd64/jre/lib/amd64/server/libjvm.so
7ffe1b866000-7ffe1b88f000 rw-p 00000000 00:00 0 
7ffe1b88f000-7ffe1b8a5000 r-xp 00000000 08:01 3936067                    /lib/x86_64-linux-gnu/libz.so.1.2.3.4
7ffe1b8a5000-7ffe1baa4000 ---p 00016000 08:01 3936067                    /lib/x86_64-linux-gnu/libz.so.1.2.3.4
7ffe1baa4000-7ffe1baa5000 r--p 00015000 08:01 3936067                    /lib/x86_64-linux-gnu/libz.so.1.2.3.4
7ffe1baa5000-7ffe1baa6000 rw-p 00016000 08:01 3936067                    /lib/x86_64-linux-gnu/libz.so.1.2.3.4
7ffe1baa6000-7ffe1bc5b000 r-xp 00000000 08:01 3938832                    /lib/x86_64-linux-gnu/libc-2.15.so
7ffe1bc5b000-7ffe1be5b000 ---p 001b5000 08:01 3938832                    /lib/x86_64-linux-gnu/libc-2.15.so
7ffe1be5b000-7ffe1be5f000 r--p 001b5000 08:01 3938832                    /lib/x86_64-linux-gnu/libc-2.15.so
7ffe1be5f000-7ffe1be61000 rw-p 001b9000 08:01 3938832                    /lib/x86_64-linux-gnu/libc-2.15.so
7ffe1be61000-7ffe1be66000 rw-p 00000000 00:00 0 
7ffe1be66000-7ffe1be68000 r-xp 00000000 08:01 3938847                    /lib/x86_64-linux-gnu/libdl-2.15.so
7ffe1be68000-7ffe1c068000 ---p 00002000 08:01 3938847                    /lib/x86_64-linux-gnu/libdl-2.15.so
7ffe1c068000-7ffe1c069000 r--p 00002000 08:01 3938847                    /lib/x86_64-linux-gnu/libdl-2.15.so
7ffe1c069000-7ffe1c06a000 rw-p 00003000 08:01 3938847                    /lib/x86_64-linux-gnu/libdl-2.15.so
7ffe1c06a000-7ffe1c06e000 r-xp 00000000 08:01 927351                     /usr/lib/jvm/java-6-openjdk-amd64/jre/lib/amd64/jli/libjli.so
7ffe1c06e000-7ffe1c26d000 ---p 00004000 08:01 927351                     /usr/lib/jvm/java-6-openjdk-amd64/jre/lib/amd64/jli/libjli.so
7ffe1c26d000-7ffe1c26e000 r--p 00003000 08:01 927351                     /usr/lib/jvm/java-6-openjdk-amd64/jre/lib/amd64/jli/libjli.so
7ffe1c26e000-7ffe1c26f000 rw-p 00004000 08:01 927351                     /usr/lib/jvm/java-6-openjdk-amd64/jre/lib/amd64/jli/libjli.so
7ffe1c26f000-7ffe1c287000 r-xp 00000000 08:01 3938841                    /lib/x86_64-linux-gnu/libpthread-2.15.so
7ffe1c287000-7ffe1c486000 ---p 00018000 08:01 3938841                    /lib/x86_64-linux-gnu/libpthread-2.15.so
7ffe1c486000-7ffe1c487000 r--p 00017000 08:01 3938841                    /lib/x86_64-linux-gnu/libpthread-2.15.so
7ffe1c487000-7ffe1c488000 rw-p 00018000 08:01 3938841                    /lib/x86_64-linux-gnu/libpthread-2.15.so
7ffe1c488000-7ffe1c48c000 rw-p 00000000 00:00 0 
7ffe1c48c000-7ffe1c4ae000 r-xp 00000000 08:01 3938844                    /lib/x86_64-linux-gnu/ld-2.15.so
7ffe1c4ae000-7ffe1c4b5000 r--s 00000000 08:01 1189708                    /usr/lib/x86_64-linux-gnu/gconv/gconv-modules.cache
7ffe1c4b5000-7ffe1c4b8000 r--s 0007f000 08:01 927296                     /usr/lib/jvm/java-6-openjdk-common/jre/lib/jsse.jar
7ffe1c4b8000-7ffe1c4cc000 r--s 0014f000 08:01 931024                     /usr/share/bluej/bluejcore.jar
7ffe1c4cc000-7ffe1c4ce000 r--s 0000f000 08:01 927270                     /usr/lib/jvm/java-6-openjdk-common/jre/lib/ext/pulse-java.jar
7ffe1c4ce000-7ffe1c4d1000 r--s 00031000 08:01 927273                     /usr/lib/jvm/java-6-openjdk-common/jre/lib/ext/sunjce_provider.jar
7ffe1c4d1000-7ffe1c4d4000 r--s 00077000 08:01 927271                     /usr/lib/jvm/java-6-openjdk-common/jre/lib/ext/localedata.jar
7ffe1c4d4000-7ffe1c4de000 rw-p 00000000 00:00 0 
7ffe1c4de000-7ffe1c594000 rw-p 00000000 00:00 0 
7ffe1c594000-7ffe1c597000 ---p 00000000 00:00 0 
7ffe1c597000-7ffe1c69a000 rw-p 00000000 00:00 0                          [stack:31052]
7ffe1c69a000-7ffe1c69b000 r--s 00000000 08:01 1577309                    /var/cache/fontconfig/b9d506c9ac06c20b433354fa67a72993-le64.cache-3
7ffe1c69b000-7ffe1c69f000 r--s 00039000 08:01 927269                     /usr/lib/jvm/java-6-openjdk-common/jre/lib/ext/sunpkcs11.jar
7ffe1c69f000-7ffe1c6a1000 r--s 00001000 08:01 927272                     /usr/lib/jvm/java-6-openjdk-common/jre/lib/ext/dnsns.jar
7ffe1c6a1000-7ffe1c6a2000 r--s 00007000 08:01 1188081                    /usr/share/java/java-atk-wrapper.jar
7ffe1c6a2000-7ffe1c6aa000 rw-s 00000000 08:01 2241805                    /tmp/hsperfdata_anna/31051
7ffe1c6aa000-7ffe1c6ab000 rw-p 00000000 00:00 0 
7ffe1c6ab000-7ffe1c6ac000 r--p 00000000 00:00 0 
7ffe1c6ac000-7ffe1c6ae000 rw-p 00000000 00:00 0 
7ffe1c6ae000-7ffe1c6af000 r--p 00022000 08:01 3938844                    /lib/x86_64-linux-gnu/ld-2.15.so
7ffe1c6af000-7ffe1c6b1000 rw-p 00023000 08:01 3938844                    /lib/x86_64-linux-gnu/ld-2.15.so
7fff8668c000-7fff866ad000 rw-p 00000000 00:00 0                          [stack]
7fff867fe000-7fff86800000 r-xp 00000000 00:00 0                          [vdso]
ffffffffff600000-ffffffffff601000 r-xp 00000000 00:00 0                  [vsyscall]

VM Arguments:
jvm_args: -ea -Djavafx.macosx.embedded=true -agentlib:jdwp=transport=dt_socket,address=127.0.0.1:51403 
java_command: bluej.runtime.ExecServer UTF-8
Launcher Type: SUN_STANDARD

Environment Variables:
PATH=/usr/lib/lightdm/lightdm:/usr/local/sbin:/usr/local/bin:/usr/sbin:/usr/bin:/sbin:/bin:/usr/games
LD_LIBRARY_PATH=/usr/lib/jvm/java-6-openjdk-amd64/jre/lib/amd64/server:/usr/lib/jvm/java-6-openjdk-amd64/jre/lib/amd64:/usr/lib/jvm/java-6-openjdk-amd64/jre/../lib/amd64
SHELL=/bin/bash
DISPLAY=:0

Signal Handlers:
SIGSEGV: [libjvm.so+0x7837a0], sa_mask[0]=0x7ffbfeff, sa_flags=0x10000004
SIGBUS: [libjvm.so+0x7837a0], sa_mask[0]=0x7ffbfeff, sa_flags=0x10000004
SIGFPE: [libjvm.so+0x647720], sa_mask[0]=0x7ffbfeff, sa_flags=0x10000004
SIGPIPE: [libjvm.so+0x647720], sa_mask[0]=0x7ffbfeff, sa_flags=0x10000004
SIGXFSZ: [libjvm.so+0x647720], sa_mask[0]=0x7ffbfeff, sa_flags=0x10000004
SIGILL: [libjvm.so+0x647720], sa_mask[0]=0x7ffbfeff, sa_flags=0x10000004
SIGUSR1: SIG_DFL, sa_mask[0]=0x00000000, sa_flags=0x00000000
SIGUSR2: [libjvm.so+0x647900], sa_mask[0]=0x00000004, sa_flags=0x10000004
SIGHUP: [libjvm.so+0x64a2d0], sa_mask[0]=0x7ffbfeff, sa_flags=0x10000004
SIGINT: [libjvm.so+0x64a2d0], sa_mask[0]=0x7ffbfeff, sa_flags=0x10000004
SIGTERM: [libjvm.so+0x64a2d0], sa_mask[0]=0x7ffbfeff, sa_flags=0x10000004
SIGQUIT: [libjvm.so+0x64a2d0], sa_mask[0]=0x7ffbfeff, sa_flags=0x10000004


---------------  S Y S T E M  ---------------

OS:Ubuntu 12.04 (precise)
uname:Linux 3.8.0-32-generic #47~precise1-Ubuntu SMP Wed Oct 2 16:19:35 UTC 2013 x86_64
libc:glibc 2.15 NPTL 2.15 
rlimit: STACK 8192k, CORE 0k, NPROC 29435, NOFILE 4096, AS infinity
load average:0,16 0,21 0,16

/proc/meminfo:
MemTotal:        4000560 kB
MemFree:         1187540 kB
Buffers:          162572 kB
Cached:          1263256 kB
SwapCached:            0 kB
Active:          1630444 kB
Inactive:         891048 kB
Active(anon):    1096388 kB
Inactive(anon):     2892 kB
Active(file):     534056 kB
Inactive(file):   888156 kB
Unevictable:          48 kB
Mlocked:              48 kB
SwapTotal:       9765884 kB
SwapFree:        9765884 kB
Dirty:               944 kB
Writeback:             0 kB
AnonPages:       1095744 kB
Mapped:           185304 kB
Shmem:              3764 kB
Slab:             171588 kB
SReclaimable:     118560 kB
SUnreclaim:        53028 kB
KernelStack:        3952 kB
PageTables:        28472 kB
NFS_Unstable:          0 kB
Bounce:                0 kB
WritebackTmp:          0 kB
CommitLimit:    11766164 kB
Committed_AS:    3629188 kB
VmallocTotal:   34359738367 kB
VmallocUsed:      198132 kB
VmallocChunk:   34359536804 kB
HardwareCorrupted:     0 kB
AnonHugePages:         0 kB
HugePages_Total:       0
HugePages_Free:        0
HugePages_Rsvd:        0
HugePages_Surp:        0
Hugepagesize:       2048 kB
DirectMap4k:      182272 kB
DirectMap2M:     3987456 kB


CPU:total 4 (4 cores per cpu, 1 threads per core) family 6 model 58 stepping 9, cmov, cx8, fxsr, mmx, sse, sse2, sse3, ssse3, sse4.1, sse4.2, popcnt

Memory: 4k page, physical 4000560k(1187540k free), swap 9765884k(9765884k free)

vm_info: OpenJDK 64-Bit Server VM (20.0-b12) for linux-amd64 JRE (1.6.0_27-b27), built on Jul 17 2013 13:53:24 by "buildd" with gcc 4.6.3

time: Tue Nov  5 18:42:52 2013
elapsed time: 63 seconds

